[2024-11-14T20:38:43.586+0000] {local_task_job_runner.py:123} INFO - ::group::Pre task execution logs
[2024-11-14T20:38:43.610+0000] {taskinstance.py:2612} INFO - Dependencies all met for dep_context=non-requeueable deps ti=<TaskInstance: Extract_data_into_Postgres.Download_source_data_from_kaggle manual__2024-11-14T20:38:41.702553+00:00 [queued]>
[2024-11-14T20:38:43.626+0000] {taskinstance.py:2612} INFO - Dependencies all met for dep_context=requeueable deps ti=<TaskInstance: Extract_data_into_Postgres.Download_source_data_from_kaggle manual__2024-11-14T20:38:41.702553+00:00 [queued]>
[2024-11-14T20:38:43.626+0000] {taskinstance.py:2865} INFO - Starting attempt 1 of 3
[2024-11-14T20:38:43.659+0000] {taskinstance.py:2888} INFO - Executing <Task(BashOperator): Download_source_data_from_kaggle> on 2024-11-14 20:38:41.702553+00:00
[2024-11-14T20:38:43.671+0000] {standard_task_runner.py:104} INFO - Running: ['***', 'tasks', 'run', 'Extract_data_into_Postgres', 'Download_source_data_from_kaggle', 'manual__2024-11-14T20:38:41.702553+00:00', '--job-id', '5', '--raw', '--subdir', 'DAGS_FOLDER/dag_download.py', '--cfg-path', '/tmp/tmppsx39dno']
[2024-11-14T20:38:43.670+0000] {warnings.py:112} WARNING - /home/***/.local/lib/python3.12/site-packages/***/task/task_runner/standard_task_runner.py:70: DeprecationWarning: This process (pid=239) is multi-threaded, use of fork() may lead to deadlocks in the child.
  pid = os.fork()

[2024-11-14T20:38:43.675+0000] {standard_task_runner.py:72} INFO - Started process 241 to run task
[2024-11-14T20:38:43.675+0000] {standard_task_runner.py:105} INFO - Job 5: Subtask Download_source_data_from_kaggle
[2024-11-14T20:38:43.746+0000] {task_command.py:467} INFO - Running <TaskInstance: Extract_data_into_Postgres.Download_source_data_from_kaggle manual__2024-11-14T20:38:41.702553+00:00 [running]> on host d3fd5b1c3aa1
[2024-11-14T20:38:43.910+0000] {taskinstance.py:3131} INFO - Exporting env vars: AIRFLOW_CTX_DAG_OWNER='ProjectIE' AIRFLOW_CTX_DAG_ID='Extract_data_into_Postgres' AIRFLOW_CTX_TASK_ID='Download_source_data_from_kaggle' AIRFLOW_CTX_EXECUTION_DATE='2024-11-14T20:38:41.702553+00:00' AIRFLOW_CTX_TRY_NUMBER='1' AIRFLOW_CTX_DAG_RUN_ID='manual__2024-11-14T20:38:41.702553+00:00'
[2024-11-14T20:38:43.911+0000] {taskinstance.py:731} INFO - ::endgroup::
[2024-11-14T20:38:43.920+0000] {subprocess.py:63} INFO - Tmp dir root location: /tmp
[2024-11-14T20:38:43.921+0000] {subprocess.py:75} INFO - Running command: ['/usr/bin/bash', '-c', 'curl -L -o archive.zip https://www.kaggle.com/api/v1/datasets/download/shubhambathwal/flight-price-prediction']
[2024-11-14T20:38:43.947+0000] {subprocess.py:86} INFO - Output:
[2024-11-14T20:38:43.967+0000] {subprocess.py:93} INFO -   % Total    % Received % Xferd  Average Speed   Time    Time     Time  Current
[2024-11-14T20:38:43.977+0000] {subprocess.py:93} INFO -                                  Dload  Upload   Total   Spent    Left  Speed
[2024-11-14T20:38:44.478+0000] {subprocess.py:93} INFO -   0     0    0     0    0     0      0      0 --:--:-- --:--:-- --:--:--     0  0     0    0     0    0     0      0      0 --:--:-- --:--:-- --:--:--     0  0     0    0     0    0     0      0      0 --:--:-- --:--:-- --:--:--     0
[2024-11-14T20:38:46.267+0000] {subprocess.py:93} INFO -   1 4258k    1 50475    0     0  38740      0  0:01:52  0:00:01  0:01:51 38740 97 4258k   97 4157k    0     0  1823k      0  0:00:02  0:00:02 --:--:-- 4200k100 4258k  100 4258k    0     0  1851k      0  0:00:02  0:00:02 --:--:-- 4221k
[2024-11-14T20:38:46.272+0000] {subprocess.py:97} INFO - Command exited with return code 0
[2024-11-14T20:38:46.310+0000] {taskinstance.py:340} INFO - ::group::Post task execution logs
[2024-11-14T20:38:46.312+0000] {taskinstance.py:352} INFO - Marking task as SUCCESS. dag_id=Extract_data_into_Postgres, task_id=Download_source_data_from_kaggle, run_id=manual__2024-11-14T20:38:41.702553+00:00, execution_date=20241114T203841, start_date=20241114T203843, end_date=20241114T203846
[2024-11-14T20:38:46.342+0000] {local_task_job_runner.py:266} INFO - Task exited with return code 0
[2024-11-14T20:38:46.354+0000] {warnings.py:112} WARNING - /home/***/.local/lib/python3.12/site-packages/***/models/baseoperator.py:1378: AirflowProviderDeprecationWarning: Call to deprecated class PostgresOperator. (Please use `***.providers.common.sql.operators.sql.SQLExecuteQueryOperator`.Also, you can provide `hook_params={'schema': <database>}`.)
  result = cls.__new__(cls)

[2024-11-14T20:38:46.390+0000] {taskinstance.py:3900} INFO - 1 downstream tasks scheduled from follow-on schedule check
[2024-11-14T20:38:46.393+0000] {local_task_job_runner.py:245} INFO - ::endgroup::
