[2024-11-14T20:59:15.391+0000] {local_task_job_runner.py:123} INFO - ::group::Pre task execution logs
[2024-11-14T20:59:15.417+0000] {taskinstance.py:2612} INFO - Dependencies all met for dep_context=non-requeueable deps ti=<TaskInstance: Extract_data_into_Postgres.bash_task_tar manual__2024-11-14T20:59:09.252816+00:00 [queued]>
[2024-11-14T20:59:15.430+0000] {taskinstance.py:2612} INFO - Dependencies all met for dep_context=requeueable deps ti=<TaskInstance: Extract_data_into_Postgres.bash_task_tar manual__2024-11-14T20:59:09.252816+00:00 [queued]>
[2024-11-14T20:59:15.430+0000] {taskinstance.py:2865} INFO - Starting attempt 1 of 3
[2024-11-14T20:59:15.450+0000] {taskinstance.py:2888} INFO - Executing <Task(BashOperator): bash_task_tar> on 2024-11-14 20:59:09.252816+00:00
[2024-11-14T20:59:15.460+0000] {warnings.py:112} WARNING - /home/***/.local/lib/python3.12/site-packages/***/task/task_runner/standard_task_runner.py:70: DeprecationWarning: This process (pid=286) is multi-threaded, use of fork() may lead to deadlocks in the child.
  pid = os.fork()

[2024-11-14T20:59:15.463+0000] {standard_task_runner.py:72} INFO - Started process 288 to run task
[2024-11-14T20:59:15.464+0000] {standard_task_runner.py:104} INFO - Running: ['***', 'tasks', 'run', 'Extract_data_into_Postgres', 'bash_task_tar', 'manual__2024-11-14T20:59:09.252816+00:00', '--job-id', '16', '--raw', '--subdir', 'DAGS_FOLDER/dag_download.py', '--cfg-path', '/tmp/tmp5bx3a4kn']
[2024-11-14T20:59:15.467+0000] {standard_task_runner.py:105} INFO - Job 16: Subtask bash_task_tar
[2024-11-14T20:59:15.550+0000] {task_command.py:467} INFO - Running <TaskInstance: Extract_data_into_Postgres.bash_task_tar manual__2024-11-14T20:59:09.252816+00:00 [running]> on host 5a0a8dfc4e16
[2024-11-14T20:59:15.645+0000] {taskinstance.py:3131} INFO - Exporting env vars: AIRFLOW_CTX_DAG_OWNER='ProjectIE' AIRFLOW_CTX_DAG_ID='Extract_data_into_Postgres' AIRFLOW_CTX_TASK_ID='bash_task_tar' AIRFLOW_CTX_EXECUTION_DATE='2024-11-14T20:59:09.252816+00:00' AIRFLOW_CTX_TRY_NUMBER='1' AIRFLOW_CTX_DAG_RUN_ID='manual__2024-11-14T20:59:09.252816+00:00'
[2024-11-14T20:59:15.647+0000] {taskinstance.py:731} INFO - ::endgroup::
[2024-11-14T20:59:15.650+0000] {subprocess.py:63} INFO - Tmp dir root location: /tmp
[2024-11-14T20:59:15.651+0000] {subprocess.py:75} INFO - Running command: ['/usr/bin/bash', '-c', 'unzip archive.zip']
[2024-11-14T20:59:15.663+0000] {subprocess.py:86} INFO - Output:
[2024-11-14T20:59:15.665+0000] {subprocess.py:93} INFO - Archive:  archive.zip
[2024-11-14T20:59:15.788+0000] {subprocess.py:93} INFO -   inflating: Clean_Dataset.csv
[2024-11-14T20:59:15.834+0000] {subprocess.py:93} INFO -   inflating: business.csv
[2024-11-14T20:59:15.924+0000] {subprocess.py:93} INFO -   inflating: economy.csv
[2024-11-14T20:59:15.924+0000] {subprocess.py:97} INFO - Command exited with return code 0
[2024-11-14T20:59:15.948+0000] {taskinstance.py:340} INFO - ::group::Post task execution logs
[2024-11-14T20:59:15.949+0000] {taskinstance.py:352} INFO - Marking task as SUCCESS. dag_id=Extract_data_into_Postgres, task_id=bash_task_tar, run_id=manual__2024-11-14T20:59:09.252816+00:00, execution_date=20241114T205909, start_date=20241114T205915, end_date=20241114T205915
[2024-11-14T20:59:16.001+0000] {local_task_job_runner.py:266} INFO - Task exited with return code 0
[2024-11-14T20:59:16.011+0000] {warnings.py:112} WARNING - /home/***/.local/lib/python3.12/site-packages/***/models/baseoperator.py:1378: AirflowProviderDeprecationWarning: Call to deprecated class PostgresOperator. (Please use `***.providers.common.sql.operators.sql.SQLExecuteQueryOperator`.Also, you can provide `hook_params={'schema': <database>}`.)
  result = cls.__new__(cls)

[2024-11-14T20:59:16.041+0000] {taskinstance.py:3900} INFO - 3 downstream tasks scheduled from follow-on schedule check
[2024-11-14T20:59:16.050+0000] {local_task_job_runner.py:245} INFO - ::endgroup::
