[2024-11-14T20:25:38.293+0000] {processor.py:186} INFO - Started process (PID=68) to work on /opt/airflow/dags/dag_download.py
[2024-11-14T20:25:38.296+0000] {processor.py:914} INFO - Processing file /opt/airflow/dags/dag_download.py for tasks to queue
[2024-11-14T20:25:38.309+0000] {logging_mixin.py:190} INFO - [2024-11-14T20:25:38.309+0000] {dagbag.py:588} INFO - Filling up the DagBag from /opt/airflow/dags/dag_download.py
[2024-11-14T20:25:38.409+0000] {logging_mixin.py:190} INFO - [2024-11-14T20:25:38.387+0000] {dagbag.py:387} ERROR - Failed to import: /opt/airflow/dags/dag_download.py
Traceback (most recent call last):
  File "/home/airflow/.local/lib/python3.12/site-packages/airflow/models/dagbag.py", line 383, in parse
    loader.exec_module(new_module)
  File "<frozen importlib._bootstrap_external>", line 995, in exec_module
  File "<frozen importlib._bootstrap>", line 488, in _call_with_frames_removed
  File "/opt/airflow/dags/dag_download.py", line 5, in <module>
    from airlfow.operators.python import PythonOperator
ModuleNotFoundError: No module named 'airlfow'
[2024-11-14T20:25:38.418+0000] {processor.py:927} WARNING - No viable dags retrieved from /opt/airflow/dags/dag_download.py
[2024-11-14T20:25:38.474+0000] {processor.py:208} INFO - Processing /opt/airflow/dags/dag_download.py took 0.309 seconds
[2024-11-14T20:26:08.918+0000] {processor.py:186} INFO - Started process (PID=76) to work on /opt/airflow/dags/dag_download.py
[2024-11-14T20:26:08.919+0000] {processor.py:914} INFO - Processing file /opt/airflow/dags/dag_download.py for tasks to queue
[2024-11-14T20:26:08.924+0000] {logging_mixin.py:190} INFO - [2024-11-14T20:26:08.923+0000] {dagbag.py:588} INFO - Filling up the DagBag from /opt/airflow/dags/dag_download.py
[2024-11-14T20:26:08.956+0000] {logging_mixin.py:190} INFO - [2024-11-14T20:26:08.950+0000] {dagbag.py:387} ERROR - Failed to import: /opt/airflow/dags/dag_download.py
Traceback (most recent call last):
  File "/home/airflow/.local/lib/python3.12/site-packages/airflow/models/dagbag.py", line 383, in parse
    loader.exec_module(new_module)
  File "<frozen importlib._bootstrap_external>", line 995, in exec_module
  File "<frozen importlib._bootstrap>", line 488, in _call_with_frames_removed
  File "/opt/airflow/dags/dag_download.py", line 5, in <module>
    from airlfow.operators.python import PythonOperator
ModuleNotFoundError: No module named 'airlfow'
[2024-11-14T20:26:08.957+0000] {processor.py:927} WARNING - No viable dags retrieved from /opt/airflow/dags/dag_download.py
[2024-11-14T20:26:08.996+0000] {processor.py:208} INFO - Processing /opt/airflow/dags/dag_download.py took 0.090 seconds
[2024-11-14T20:26:39.327+0000] {processor.py:186} INFO - Started process (PID=84) to work on /opt/airflow/dags/dag_download.py
[2024-11-14T20:26:39.328+0000] {processor.py:914} INFO - Processing file /opt/airflow/dags/dag_download.py for tasks to queue
[2024-11-14T20:26:39.331+0000] {logging_mixin.py:190} INFO - [2024-11-14T20:26:39.330+0000] {dagbag.py:588} INFO - Filling up the DagBag from /opt/airflow/dags/dag_download.py
[2024-11-14T20:26:39.372+0000] {logging_mixin.py:190} INFO - [2024-11-14T20:26:39.362+0000] {dagbag.py:387} ERROR - Failed to import: /opt/airflow/dags/dag_download.py
Traceback (most recent call last):
  File "/home/airflow/.local/lib/python3.12/site-packages/airflow/models/dagbag.py", line 383, in parse
    loader.exec_module(new_module)
  File "<frozen importlib._bootstrap_external>", line 995, in exec_module
  File "<frozen importlib._bootstrap>", line 488, in _call_with_frames_removed
  File "/opt/airflow/dags/dag_download.py", line 5, in <module>
    from airlfow.operators.python import PythonOperator
ModuleNotFoundError: No module named 'airlfow'
[2024-11-14T20:26:39.374+0000] {processor.py:927} WARNING - No viable dags retrieved from /opt/airflow/dags/dag_download.py
[2024-11-14T20:26:39.395+0000] {processor.py:208} INFO - Processing /opt/airflow/dags/dag_download.py took 0.081 seconds
[2024-11-14T20:27:09.593+0000] {processor.py:186} INFO - Started process (PID=91) to work on /opt/airflow/dags/dag_download.py
[2024-11-14T20:27:09.594+0000] {processor.py:914} INFO - Processing file /opt/airflow/dags/dag_download.py for tasks to queue
[2024-11-14T20:27:09.596+0000] {logging_mixin.py:190} INFO - [2024-11-14T20:27:09.596+0000] {dagbag.py:588} INFO - Filling up the DagBag from /opt/airflow/dags/dag_download.py
[2024-11-14T20:27:09.613+0000] {logging_mixin.py:190} INFO - [2024-11-14T20:27:09.610+0000] {dagbag.py:387} ERROR - Failed to import: /opt/airflow/dags/dag_download.py
Traceback (most recent call last):
  File "/home/airflow/.local/lib/python3.12/site-packages/airflow/models/dagbag.py", line 383, in parse
    loader.exec_module(new_module)
  File "<frozen importlib._bootstrap_external>", line 995, in exec_module
  File "<frozen importlib._bootstrap>", line 488, in _call_with_frames_removed
  File "/opt/airflow/dags/dag_download.py", line 5, in <module>
    from airlfow.operators.python import PythonOperator
ModuleNotFoundError: No module named 'airlfow'
[2024-11-14T20:27:09.615+0000] {processor.py:927} WARNING - No viable dags retrieved from /opt/airflow/dags/dag_download.py
[2024-11-14T20:27:09.635+0000] {processor.py:208} INFO - Processing /opt/airflow/dags/dag_download.py took 0.048 seconds
[2024-11-14T20:27:39.942+0000] {processor.py:186} INFO - Started process (PID=100) to work on /opt/airflow/dags/dag_download.py
[2024-11-14T20:27:39.944+0000] {processor.py:914} INFO - Processing file /opt/airflow/dags/dag_download.py for tasks to queue
[2024-11-14T20:27:39.947+0000] {logging_mixin.py:190} INFO - [2024-11-14T20:27:39.946+0000] {dagbag.py:588} INFO - Filling up the DagBag from /opt/airflow/dags/dag_download.py
[2024-11-14T20:27:39.963+0000] {logging_mixin.py:190} INFO - [2024-11-14T20:27:39.960+0000] {dagbag.py:387} ERROR - Failed to import: /opt/airflow/dags/dag_download.py
Traceback (most recent call last):
  File "/home/airflow/.local/lib/python3.12/site-packages/airflow/models/dagbag.py", line 383, in parse
    loader.exec_module(new_module)
  File "<frozen importlib._bootstrap_external>", line 995, in exec_module
  File "<frozen importlib._bootstrap>", line 488, in _call_with_frames_removed
  File "/opt/airflow/dags/dag_download.py", line 5, in <module>
    from airlfow.operators.python import PythonOperator
ModuleNotFoundError: No module named 'airlfow'
[2024-11-14T20:27:39.964+0000] {processor.py:927} WARNING - No viable dags retrieved from /opt/airflow/dags/dag_download.py
[2024-11-14T20:27:39.991+0000] {processor.py:208} INFO - Processing /opt/airflow/dags/dag_download.py took 0.054 seconds
[2024-11-14T20:28:10.338+0000] {processor.py:186} INFO - Started process (PID=109) to work on /opt/airflow/dags/dag_download.py
[2024-11-14T20:28:10.339+0000] {processor.py:914} INFO - Processing file /opt/airflow/dags/dag_download.py for tasks to queue
[2024-11-14T20:28:10.343+0000] {logging_mixin.py:190} INFO - [2024-11-14T20:28:10.342+0000] {dagbag.py:588} INFO - Filling up the DagBag from /opt/airflow/dags/dag_download.py
[2024-11-14T20:28:10.361+0000] {logging_mixin.py:190} INFO - [2024-11-14T20:28:10.358+0000] {dagbag.py:387} ERROR - Failed to import: /opt/airflow/dags/dag_download.py
Traceback (most recent call last):
  File "/home/airflow/.local/lib/python3.12/site-packages/airflow/models/dagbag.py", line 383, in parse
    loader.exec_module(new_module)
  File "<frozen importlib._bootstrap_external>", line 995, in exec_module
  File "<frozen importlib._bootstrap>", line 488, in _call_with_frames_removed
  File "/opt/airflow/dags/dag_download.py", line 5, in <module>
    from airlfow.operators.python import PythonOperator
ModuleNotFoundError: No module named 'airlfow'
[2024-11-14T20:28:10.363+0000] {processor.py:927} WARNING - No viable dags retrieved from /opt/airflow/dags/dag_download.py
[2024-11-14T20:28:10.390+0000] {processor.py:208} INFO - Processing /opt/airflow/dags/dag_download.py took 0.059 seconds
[2024-11-14T20:28:16.454+0000] {processor.py:186} INFO - Started process (PID=110) to work on /opt/airflow/dags/dag_download.py
[2024-11-14T20:28:16.456+0000] {processor.py:914} INFO - Processing file /opt/airflow/dags/dag_download.py for tasks to queue
[2024-11-14T20:28:16.459+0000] {logging_mixin.py:190} INFO - [2024-11-14T20:28:16.459+0000] {dagbag.py:588} INFO - Filling up the DagBag from /opt/airflow/dags/dag_download.py
[2024-11-14T20:28:16.488+0000] {logging_mixin.py:190} INFO - [2024-11-14T20:28:16.482+0000] {dagbag.py:387} ERROR - Failed to import: /opt/airflow/dags/dag_download.py
Traceback (most recent call last):
  File "/home/airflow/.local/lib/python3.12/site-packages/airflow/models/dagbag.py", line 383, in parse
    loader.exec_module(new_module)
  File "<frozen importlib._bootstrap_external>", line 995, in exec_module
  File "<frozen importlib._bootstrap>", line 488, in _call_with_frames_removed
  File "/opt/airflow/dags/dag_download.py", line 21, in <module>
    with DAG(dag_id='Extract data into Postgres',
         ^^^^^^^^^^^^^^^^^^^^^^^^^^^^^^^^^^^^^^^^
  File "/home/airflow/.local/lib/python3.12/site-packages/airflow/models/dag.py", line 593, in __init__
    validate_key(dag_id)
  File "/home/airflow/.local/lib/python3.12/site-packages/airflow/utils/helpers.py", line 57, in validate_key
    raise AirflowException(
airflow.exceptions.AirflowException: The key 'Extract data into Postgres' has to be made of alphanumeric characters, dashes, dots and underscores exclusively
[2024-11-14T20:28:16.490+0000] {processor.py:927} WARNING - No viable dags retrieved from /opt/airflow/dags/dag_download.py
[2024-11-14T20:28:16.514+0000] {processor.py:208} INFO - Processing /opt/airflow/dags/dag_download.py took 0.068 seconds
[2024-11-14T20:28:46.797+0000] {processor.py:186} INFO - Started process (PID=118) to work on /opt/airflow/dags/dag_download.py
[2024-11-14T20:28:46.798+0000] {processor.py:914} INFO - Processing file /opt/airflow/dags/dag_download.py for tasks to queue
[2024-11-14T20:28:46.803+0000] {logging_mixin.py:190} INFO - [2024-11-14T20:28:46.802+0000] {dagbag.py:588} INFO - Filling up the DagBag from /opt/airflow/dags/dag_download.py
[2024-11-14T20:28:46.821+0000] {logging_mixin.py:190} INFO - [2024-11-14T20:28:46.814+0000] {dagbag.py:387} ERROR - Failed to import: /opt/airflow/dags/dag_download.py
Traceback (most recent call last):
  File "/home/airflow/.local/lib/python3.12/site-packages/airflow/models/dagbag.py", line 383, in parse
    loader.exec_module(new_module)
  File "<frozen importlib._bootstrap_external>", line 995, in exec_module
  File "<frozen importlib._bootstrap>", line 488, in _call_with_frames_removed
  File "/opt/airflow/dags/dag_download.py", line 21, in <module>
    with DAG(dag_id='Extract data into Postgres',
         ^^^^^^^^^^^^^^^^^^^^^^^^^^^^^^^^^^^^^^^^
  File "/home/airflow/.local/lib/python3.12/site-packages/airflow/models/dag.py", line 593, in __init__
    validate_key(dag_id)
  File "/home/airflow/.local/lib/python3.12/site-packages/airflow/utils/helpers.py", line 57, in validate_key
    raise AirflowException(
airflow.exceptions.AirflowException: The key 'Extract data into Postgres' has to be made of alphanumeric characters, dashes, dots and underscores exclusively
[2024-11-14T20:28:46.822+0000] {processor.py:927} WARNING - No viable dags retrieved from /opt/airflow/dags/dag_download.py
[2024-11-14T20:28:46.844+0000] {processor.py:208} INFO - Processing /opt/airflow/dags/dag_download.py took 0.054 seconds
[2024-11-14T20:29:17.507+0000] {processor.py:186} INFO - Started process (PID=126) to work on /opt/airflow/dags/dag_download.py
[2024-11-14T20:29:17.510+0000] {processor.py:914} INFO - Processing file /opt/airflow/dags/dag_download.py for tasks to queue
[2024-11-14T20:29:17.516+0000] {logging_mixin.py:190} INFO - [2024-11-14T20:29:17.516+0000] {dagbag.py:588} INFO - Filling up the DagBag from /opt/airflow/dags/dag_download.py
[2024-11-14T20:29:17.536+0000] {logging_mixin.py:190} INFO - [2024-11-14T20:29:17.530+0000] {dagbag.py:387} ERROR - Failed to import: /opt/airflow/dags/dag_download.py
Traceback (most recent call last):
  File "/home/airflow/.local/lib/python3.12/site-packages/airflow/models/dagbag.py", line 383, in parse
    loader.exec_module(new_module)
  File "<frozen importlib._bootstrap_external>", line 995, in exec_module
  File "<frozen importlib._bootstrap>", line 488, in _call_with_frames_removed
  File "/opt/airflow/dags/dag_download.py", line 21, in <module>
    with DAG(dag_id='Extract data into Postgres',
         ^^^^^^^^^^^^^^^^^^^^^^^^^^^^^^^^^^^^^^^^
  File "/home/airflow/.local/lib/python3.12/site-packages/airflow/models/dag.py", line 593, in __init__
    validate_key(dag_id)
  File "/home/airflow/.local/lib/python3.12/site-packages/airflow/utils/helpers.py", line 57, in validate_key
    raise AirflowException(
airflow.exceptions.AirflowException: The key 'Extract data into Postgres' has to be made of alphanumeric characters, dashes, dots and underscores exclusively
[2024-11-14T20:29:17.537+0000] {processor.py:927} WARNING - No viable dags retrieved from /opt/airflow/dags/dag_download.py
[2024-11-14T20:29:17.560+0000] {processor.py:208} INFO - Processing /opt/airflow/dags/dag_download.py took 0.060 seconds
[2024-11-14T20:29:47.808+0000] {processor.py:186} INFO - Started process (PID=134) to work on /opt/airflow/dags/dag_download.py
[2024-11-14T20:29:47.815+0000] {processor.py:914} INFO - Processing file /opt/airflow/dags/dag_download.py for tasks to queue
[2024-11-14T20:29:47.818+0000] {logging_mixin.py:190} INFO - [2024-11-14T20:29:47.818+0000] {dagbag.py:588} INFO - Filling up the DagBag from /opt/airflow/dags/dag_download.py
[2024-11-14T20:29:47.850+0000] {logging_mixin.py:190} INFO - [2024-11-14T20:29:47.841+0000] {dagbag.py:387} ERROR - Failed to import: /opt/airflow/dags/dag_download.py
Traceback (most recent call last):
  File "/home/airflow/.local/lib/python3.12/site-packages/airflow/models/dagbag.py", line 383, in parse
    loader.exec_module(new_module)
  File "<frozen importlib._bootstrap_external>", line 995, in exec_module
  File "<frozen importlib._bootstrap>", line 488, in _call_with_frames_removed
  File "/opt/airflow/dags/dag_download.py", line 21, in <module>
    with DAG(dag_id='Extract data into Postgres',
         ^^^^^^^^^^^^^^^^^^^^^^^^^^^^^^^^^^^^^^^^
  File "/home/airflow/.local/lib/python3.12/site-packages/airflow/models/dag.py", line 593, in __init__
    validate_key(dag_id)
  File "/home/airflow/.local/lib/python3.12/site-packages/airflow/utils/helpers.py", line 57, in validate_key
    raise AirflowException(
airflow.exceptions.AirflowException: The key 'Extract data into Postgres' has to be made of alphanumeric characters, dashes, dots and underscores exclusively
[2024-11-14T20:29:47.851+0000] {processor.py:927} WARNING - No viable dags retrieved from /opt/airflow/dags/dag_download.py
[2024-11-14T20:29:47.889+0000] {processor.py:208} INFO - Processing /opt/airflow/dags/dag_download.py took 0.087 seconds
[2024-11-14T20:29:52.932+0000] {processor.py:186} INFO - Started process (PID=135) to work on /opt/airflow/dags/dag_download.py
[2024-11-14T20:29:52.933+0000] {processor.py:914} INFO - Processing file /opt/airflow/dags/dag_download.py for tasks to queue
[2024-11-14T20:29:52.935+0000] {logging_mixin.py:190} INFO - [2024-11-14T20:29:52.935+0000] {dagbag.py:588} INFO - Filling up the DagBag from /opt/airflow/dags/dag_download.py
[2024-11-14T20:29:52.959+0000] {logging_mixin.py:190} INFO - [2024-11-14T20:29:52.954+0000] {dagbag.py:387} ERROR - Failed to import: /opt/airflow/dags/dag_download.py
Traceback (most recent call last):
  File "/home/airflow/.local/lib/python3.12/site-packages/airflow/models/dagbag.py", line 383, in parse
    loader.exec_module(new_module)
  File "<frozen importlib._bootstrap_external>", line 995, in exec_module
  File "<frozen importlib._bootstrap>", line 488, in _call_with_frames_removed
  File "/opt/airflow/dags/dag_download.py", line 91, in <module>
    bash_task_down >> bash_task_tar >> [PostgresOperator_task_economy, PostgresOperator_task_business, PostgresOperator_task_cleandata] >> python_clean_data_extract >> insert_data_economy >> insert_data_business
    ~~~~~~~~~~~~~~~~~~~~~~~~~~~~~~~~~~~~~~~~~~~~~~~~~~~~~~~~~~~~~~~~~~~~~~~~~~~~~~~~~~~~~~~~~~~~~~~~~~~~~~~~~~~~~~~~~~~~~~~~~~~~~~~~~~~~~~~~~~~~~~~~~~~~~~~~~~~~~~~~~^^~~~~~~~~~~~~~~~~~~~~
  File "/home/airflow/.local/lib/python3.12/site-packages/airflow/models/taskmixin.py", line 104, in __rshift__
    self.set_downstream(other)
  File "/home/airflow/.local/lib/python3.12/site-packages/airflow/models/taskmixin.py", line 263, in set_downstream
    self._set_relatives(task_or_task_list, upstream=False, edge_modifier=edge_modifier)
  File "/home/airflow/.local/lib/python3.12/site-packages/airflow/models/taskmixin.py", line 215, in _set_relatives
    task_object.update_relative(self, not upstream, edge_modifier=edge_modifier)
    ^^^^^^^^^^^^^^^^^^^^^^^^^^^
AttributeError: '_TaskDecorator' object has no attribute 'update_relative'
[2024-11-14T20:29:52.963+0000] {processor.py:927} WARNING - No viable dags retrieved from /opt/airflow/dags/dag_download.py
[2024-11-14T20:29:52.980+0000] {processor.py:208} INFO - Processing /opt/airflow/dags/dag_download.py took 0.053 seconds
[2024-11-14T20:30:18.515+0000] {processor.py:186} INFO - Started process (PID=146) to work on /opt/airflow/dags/dag_download.py
[2024-11-14T20:30:18.516+0000] {processor.py:914} INFO - Processing file /opt/airflow/dags/dag_download.py for tasks to queue
[2024-11-14T20:30:18.522+0000] {logging_mixin.py:190} INFO - [2024-11-14T20:30:18.521+0000] {dagbag.py:588} INFO - Filling up the DagBag from /opt/airflow/dags/dag_download.py
[2024-11-14T20:30:18.571+0000] {logging_mixin.py:190} INFO - [2024-11-14T20:30:18.554+0000] {dagbag.py:387} ERROR - Failed to import: /opt/airflow/dags/dag_download.py
Traceback (most recent call last):
  File "/home/airflow/.local/lib/python3.12/site-packages/airflow/models/dagbag.py", line 383, in parse
    loader.exec_module(new_module)
  File "<frozen importlib._bootstrap_external>", line 995, in exec_module
  File "<frozen importlib._bootstrap>", line 488, in _call_with_frames_removed
  File "/opt/airflow/dags/dag_download.py", line 91, in <module>
    bash_task_down >> bash_task_tar >> [PostgresOperator_task_economy, PostgresOperator_task_business, PostgresOperator_task_cleandata] >> python_clean_data_extract >> insert_data_economy >> insert_data_business
    ~~~~~~~~~~~~~~~~~~~~~~~~~~~~~~~~~~~~~~~~~~~~~~~~~~~~~~~~~~~~~~~~~~~~~~~~~~~~~~~~~~~~~~~~~~~~~~~~~~~~~~~~~~~~~~~~~~~~~~~~~~~~~~~~~~~~~~~~~~~~~~~~~~~~~~~~~~~~~~~~~^^~~~~~~~~~~~~~~~~~~~~
  File "/home/airflow/.local/lib/python3.12/site-packages/airflow/models/taskmixin.py", line 104, in __rshift__
    self.set_downstream(other)
  File "/home/airflow/.local/lib/python3.12/site-packages/airflow/models/taskmixin.py", line 263, in set_downstream
    self._set_relatives(task_or_task_list, upstream=False, edge_modifier=edge_modifier)
  File "/home/airflow/.local/lib/python3.12/site-packages/airflow/models/taskmixin.py", line 215, in _set_relatives
    task_object.update_relative(self, not upstream, edge_modifier=edge_modifier)
    ^^^^^^^^^^^^^^^^^^^^^^^^^^^
AttributeError: '_TaskDecorator' object has no attribute 'update_relative'
[2024-11-14T20:30:18.574+0000] {processor.py:927} WARNING - No viable dags retrieved from /opt/airflow/dags/dag_download.py
[2024-11-14T20:30:18.603+0000] {processor.py:208} INFO - Processing /opt/airflow/dags/dag_download.py took 0.095 seconds
[2024-11-14T20:30:48.954+0000] {processor.py:186} INFO - Started process (PID=154) to work on /opt/airflow/dags/dag_download.py
[2024-11-14T20:30:48.958+0000] {processor.py:914} INFO - Processing file /opt/airflow/dags/dag_download.py for tasks to queue
[2024-11-14T20:30:48.963+0000] {logging_mixin.py:190} INFO - [2024-11-14T20:30:48.963+0000] {dagbag.py:588} INFO - Filling up the DagBag from /opt/airflow/dags/dag_download.py
[2024-11-14T20:30:48.990+0000] {logging_mixin.py:190} INFO - [2024-11-14T20:30:48.984+0000] {dagbag.py:387} ERROR - Failed to import: /opt/airflow/dags/dag_download.py
Traceback (most recent call last):
  File "/home/airflow/.local/lib/python3.12/site-packages/airflow/models/dagbag.py", line 383, in parse
    loader.exec_module(new_module)
  File "<frozen importlib._bootstrap_external>", line 995, in exec_module
  File "<frozen importlib._bootstrap>", line 488, in _call_with_frames_removed
  File "/opt/airflow/dags/dag_download.py", line 91, in <module>
    bash_task_down >> bash_task_tar >> [PostgresOperator_task_economy, PostgresOperator_task_business, PostgresOperator_task_cleandata] >> python_clean_data_extract >> insert_data_economy >> insert_data_business
    ~~~~~~~~~~~~~~~~~~~~~~~~~~~~~~~~~~~~~~~~~~~~~~~~~~~~~~~~~~~~~~~~~~~~~~~~~~~~~~~~~~~~~~~~~~~~~~~~~~~~~~~~~~~~~~~~~~~~~~~~~~~~~~~~~~~~~~~~~~~~~~~~~~~~~~~~~~~~~~~~~^^~~~~~~~~~~~~~~~~~~~~
  File "/home/airflow/.local/lib/python3.12/site-packages/airflow/models/taskmixin.py", line 104, in __rshift__
    self.set_downstream(other)
  File "/home/airflow/.local/lib/python3.12/site-packages/airflow/models/taskmixin.py", line 263, in set_downstream
    self._set_relatives(task_or_task_list, upstream=False, edge_modifier=edge_modifier)
  File "/home/airflow/.local/lib/python3.12/site-packages/airflow/models/taskmixin.py", line 215, in _set_relatives
    task_object.update_relative(self, not upstream, edge_modifier=edge_modifier)
    ^^^^^^^^^^^^^^^^^^^^^^^^^^^
AttributeError: '_TaskDecorator' object has no attribute 'update_relative'
[2024-11-14T20:30:48.994+0000] {processor.py:927} WARNING - No viable dags retrieved from /opt/airflow/dags/dag_download.py
[2024-11-14T20:30:49.048+0000] {processor.py:208} INFO - Processing /opt/airflow/dags/dag_download.py took 0.103 seconds
[2024-11-14T20:31:00.198+0000] {processor.py:186} INFO - Started process (PID=155) to work on /opt/airflow/dags/dag_download.py
[2024-11-14T20:31:00.199+0000] {processor.py:914} INFO - Processing file /opt/airflow/dags/dag_download.py for tasks to queue
[2024-11-14T20:31:00.210+0000] {logging_mixin.py:190} INFO - [2024-11-14T20:31:00.209+0000] {dagbag.py:588} INFO - Filling up the DagBag from /opt/airflow/dags/dag_download.py
[2024-11-14T20:31:00.248+0000] {logging_mixin.py:190} INFO - [2024-11-14T20:31:00.235+0000] {dagbag.py:387} ERROR - Failed to import: /opt/airflow/dags/dag_download.py
Traceback (most recent call last):
  File "/home/airflow/.local/lib/python3.12/site-packages/airflow/models/dagbag.py", line 383, in parse
    loader.exec_module(new_module)
  File "<frozen importlib._bootstrap_external>", line 995, in exec_module
  File "<frozen importlib._bootstrap>", line 488, in _call_with_frames_removed
  File "/opt/airflow/dags/dag_download.py", line 91, in <module>
    bash_task_down >> bash_task_tar >> [PostgresOperator_task_economy, PostgresOperator_task_business, PostgresOperator_task_cleandata] >> python_clean_data_extract >> insert_data_economy >> insert_data_business
    ~~~~~~~~~~~~~~~~~~~~~~~~~~~~~~~~~~~~~~~~~~~~~~~~~~~~~~~~~~~~~~~~~~~~~~~~~~~~~~~~~~~~~~~~~~~~~~~~~~~~~~~~~~~~~~~~~~~~~~~~~~~~~~~~~~~~~~~~~~~~~~~~~~~~~~~~~~~~~~~~~^^~~~~~~~~~~~~~~~~~~~~
  File "/home/airflow/.local/lib/python3.12/site-packages/airflow/models/taskmixin.py", line 104, in __rshift__
    self.set_downstream(other)
  File "/home/airflow/.local/lib/python3.12/site-packages/airflow/models/taskmixin.py", line 263, in set_downstream
    self._set_relatives(task_or_task_list, upstream=False, edge_modifier=edge_modifier)
  File "/home/airflow/.local/lib/python3.12/site-packages/airflow/models/taskmixin.py", line 215, in _set_relatives
    task_object.update_relative(self, not upstream, edge_modifier=edge_modifier)
    ^^^^^^^^^^^^^^^^^^^^^^^^^^^
AttributeError: '_TaskDecorator' object has no attribute 'update_relative'
[2024-11-14T20:31:00.252+0000] {processor.py:927} WARNING - No viable dags retrieved from /opt/airflow/dags/dag_download.py
[2024-11-14T20:31:00.278+0000] {processor.py:208} INFO - Processing /opt/airflow/dags/dag_download.py took 0.089 seconds
[2024-11-14T20:31:06.373+0000] {processor.py:186} INFO - Started process (PID=156) to work on /opt/airflow/dags/dag_download.py
[2024-11-14T20:31:06.374+0000] {processor.py:914} INFO - Processing file /opt/airflow/dags/dag_download.py for tasks to queue
[2024-11-14T20:31:06.377+0000] {logging_mixin.py:190} INFO - [2024-11-14T20:31:06.377+0000] {dagbag.py:588} INFO - Filling up the DagBag from /opt/airflow/dags/dag_download.py
[2024-11-14T20:31:06.404+0000] {logging_mixin.py:190} INFO - [2024-11-14T20:31:06.399+0000] {dagbag.py:387} ERROR - Failed to import: /opt/airflow/dags/dag_download.py
Traceback (most recent call last):
  File "/home/airflow/.local/lib/python3.12/site-packages/airflow/models/dagbag.py", line 383, in parse
    loader.exec_module(new_module)
  File "<frozen importlib._bootstrap_external>", line 995, in exec_module
  File "<frozen importlib._bootstrap>", line 488, in _call_with_frames_removed
  File "/opt/airflow/dags/dag_download.py", line 91, in <module>
    bash_task_down >> bash_task_tar >> [PostgresOperator_task_economy, PostgresOperator_task_business, PostgresOperator_task_cleandata] >> python_clean_data_extract >> insert_data_economy >> insert_data_business
    ~~~~~~~~~~~~~~~~~~~~~~~~~~~~~~~~~~~~~~~~~~~~~~~~~~~~~~~~~~~~~~~~~~~~~~~~~~~~~~~~~~~~~~~~~~~~~~~~~~~~~~~~~~~~~~~~~~~~~~~~~~~~~~~~~~~~~~~~~~~~~~~~~~~~~~~~~~~~~~~~~^^~~~~~~~~~~~~~~~~~~~~
  File "/home/airflow/.local/lib/python3.12/site-packages/airflow/models/taskmixin.py", line 104, in __rshift__
    self.set_downstream(other)
  File "/home/airflow/.local/lib/python3.12/site-packages/airflow/models/taskmixin.py", line 263, in set_downstream
    self._set_relatives(task_or_task_list, upstream=False, edge_modifier=edge_modifier)
  File "/home/airflow/.local/lib/python3.12/site-packages/airflow/models/taskmixin.py", line 215, in _set_relatives
    task_object.update_relative(self, not upstream, edge_modifier=edge_modifier)
    ^^^^^^^^^^^^^^^^^^^^^^^^^^^
AttributeError: '_TaskDecorator' object has no attribute 'update_relative'
[2024-11-14T20:31:06.407+0000] {processor.py:927} WARNING - No viable dags retrieved from /opt/airflow/dags/dag_download.py
[2024-11-14T20:31:06.437+0000] {processor.py:208} INFO - Processing /opt/airflow/dags/dag_download.py took 0.071 seconds
[2024-11-14T20:31:36.870+0000] {processor.py:186} INFO - Started process (PID=165) to work on /opt/airflow/dags/dag_download.py
[2024-11-14T20:31:36.893+0000] {processor.py:914} INFO - Processing file /opt/airflow/dags/dag_download.py for tasks to queue
[2024-11-14T20:31:36.897+0000] {logging_mixin.py:190} INFO - [2024-11-14T20:31:36.896+0000] {dagbag.py:588} INFO - Filling up the DagBag from /opt/airflow/dags/dag_download.py
[2024-11-14T20:31:37.005+0000] {logging_mixin.py:190} INFO - [2024-11-14T20:31:36.990+0000] {dagbag.py:387} ERROR - Failed to import: /opt/airflow/dags/dag_download.py
Traceback (most recent call last):
  File "/home/airflow/.local/lib/python3.12/site-packages/airflow/models/dagbag.py", line 383, in parse
    loader.exec_module(new_module)
  File "<frozen importlib._bootstrap_external>", line 995, in exec_module
  File "<frozen importlib._bootstrap>", line 488, in _call_with_frames_removed
  File "/opt/airflow/dags/dag_download.py", line 91, in <module>
    bash_task_down >> bash_task_tar >> [PostgresOperator_task_economy, PostgresOperator_task_business, PostgresOperator_task_cleandata] >> python_clean_data_extract >> insert_data_economy >> insert_data_business
    ~~~~~~~~~~~~~~~~~~~~~~~~~~~~~~~~~~~~~~~~~~~~~~~~~~~~~~~~~~~~~~~~~~~~~~~~~~~~~~~~~~~~~~~~~~~~~~~~~~~~~~~~~~~~~~~~~~~~~~~~~~~~~~~~~~~~~~~~~~~~~~~~~~~~~~~~~~~~~~~~~^^~~~~~~~~~~~~~~~~~~~~
  File "/home/airflow/.local/lib/python3.12/site-packages/airflow/models/taskmixin.py", line 104, in __rshift__
    self.set_downstream(other)
  File "/home/airflow/.local/lib/python3.12/site-packages/airflow/models/taskmixin.py", line 263, in set_downstream
    self._set_relatives(task_or_task_list, upstream=False, edge_modifier=edge_modifier)
  File "/home/airflow/.local/lib/python3.12/site-packages/airflow/models/taskmixin.py", line 215, in _set_relatives
    task_object.update_relative(self, not upstream, edge_modifier=edge_modifier)
    ^^^^^^^^^^^^^^^^^^^^^^^^^^^
AttributeError: '_TaskDecorator' object has no attribute 'update_relative'
[2024-11-14T20:31:37.019+0000] {processor.py:927} WARNING - No viable dags retrieved from /opt/airflow/dags/dag_download.py
[2024-11-14T20:31:37.067+0000] {processor.py:208} INFO - Processing /opt/airflow/dags/dag_download.py took 0.204 seconds
[2024-11-14T20:32:07.155+0000] {processor.py:186} INFO - Started process (PID=173) to work on /opt/airflow/dags/dag_download.py
[2024-11-14T20:32:07.156+0000] {processor.py:914} INFO - Processing file /opt/airflow/dags/dag_download.py for tasks to queue
[2024-11-14T20:32:07.158+0000] {logging_mixin.py:190} INFO - [2024-11-14T20:32:07.158+0000] {dagbag.py:588} INFO - Filling up the DagBag from /opt/airflow/dags/dag_download.py
[2024-11-14T20:32:07.184+0000] {logging_mixin.py:190} INFO - [2024-11-14T20:32:07.178+0000] {dagbag.py:387} ERROR - Failed to import: /opt/airflow/dags/dag_download.py
Traceback (most recent call last):
  File "/home/airflow/.local/lib/python3.12/site-packages/airflow/models/dagbag.py", line 383, in parse
    loader.exec_module(new_module)
  File "<frozen importlib._bootstrap_external>", line 995, in exec_module
  File "<frozen importlib._bootstrap>", line 488, in _call_with_frames_removed
  File "/opt/airflow/dags/dag_download.py", line 91, in <module>
    bash_task_down >> bash_task_tar >> [PostgresOperator_task_economy, PostgresOperator_task_business, PostgresOperator_task_cleandata] >> python_clean_data_extract >> insert_data_economy >> insert_data_business
    ~~~~~~~~~~~~~~~~~~~~~~~~~~~~~~~~~~~~~~~~~~~~~~~~~~~~~~~~~~~~~~~~~~~~~~~~~~~~~~~~~~~~~~~~~~~~~~~~~~~~~~~~~~~~~~~~~~~~~~~~~~~~~~~~~~~~~~~~~~~~~~~~~~~~~~~~~~~~~~~~~^^~~~~~~~~~~~~~~~~~~~~
  File "/home/airflow/.local/lib/python3.12/site-packages/airflow/models/taskmixin.py", line 104, in __rshift__
    self.set_downstream(other)
  File "/home/airflow/.local/lib/python3.12/site-packages/airflow/models/taskmixin.py", line 263, in set_downstream
    self._set_relatives(task_or_task_list, upstream=False, edge_modifier=edge_modifier)
  File "/home/airflow/.local/lib/python3.12/site-packages/airflow/models/taskmixin.py", line 215, in _set_relatives
    task_object.update_relative(self, not upstream, edge_modifier=edge_modifier)
    ^^^^^^^^^^^^^^^^^^^^^^^^^^^
AttributeError: '_TaskDecorator' object has no attribute 'update_relative'
[2024-11-14T20:32:07.186+0000] {processor.py:927} WARNING - No viable dags retrieved from /opt/airflow/dags/dag_download.py
[2024-11-14T20:32:07.218+0000] {processor.py:208} INFO - Processing /opt/airflow/dags/dag_download.py took 0.068 seconds
[2024-11-14T20:32:37.494+0000] {processor.py:186} INFO - Started process (PID=187) to work on /opt/airflow/dags/dag_download.py
[2024-11-14T20:32:37.495+0000] {processor.py:914} INFO - Processing file /opt/airflow/dags/dag_download.py for tasks to queue
[2024-11-14T20:32:37.498+0000] {logging_mixin.py:190} INFO - [2024-11-14T20:32:37.497+0000] {dagbag.py:588} INFO - Filling up the DagBag from /opt/airflow/dags/dag_download.py
[2024-11-14T20:32:37.530+0000] {logging_mixin.py:190} INFO - [2024-11-14T20:32:37.521+0000] {dagbag.py:387} ERROR - Failed to import: /opt/airflow/dags/dag_download.py
Traceback (most recent call last):
  File "/home/airflow/.local/lib/python3.12/site-packages/airflow/models/dagbag.py", line 383, in parse
    loader.exec_module(new_module)
  File "<frozen importlib._bootstrap_external>", line 995, in exec_module
  File "<frozen importlib._bootstrap>", line 488, in _call_with_frames_removed
  File "/opt/airflow/dags/dag_download.py", line 91, in <module>
    bash_task_down >> bash_task_tar >> [PostgresOperator_task_economy, PostgresOperator_task_business, PostgresOperator_task_cleandata] >> python_clean_data_extract >> insert_data_economy >> insert_data_business
    ~~~~~~~~~~~~~~~~~~~~~~~~~~~~~~~~~~~~~~~~~~~~~~~~~~~~~~~~~~~~~~~~~~~~~~~~~~~~~~~~~~~~~~~~~~~~~~~~~~~~~~~~~~~~~~~~~~~~~~~~~~~~~~~~~~~~~~~~~~~~~~~~~~~~~~~~~~~~~~~~~^^~~~~~~~~~~~~~~~~~~~~
  File "/home/airflow/.local/lib/python3.12/site-packages/airflow/models/taskmixin.py", line 104, in __rshift__
    self.set_downstream(other)
  File "/home/airflow/.local/lib/python3.12/site-packages/airflow/models/taskmixin.py", line 263, in set_downstream
    self._set_relatives(task_or_task_list, upstream=False, edge_modifier=edge_modifier)
  File "/home/airflow/.local/lib/python3.12/site-packages/airflow/models/taskmixin.py", line 215, in _set_relatives
    task_object.update_relative(self, not upstream, edge_modifier=edge_modifier)
    ^^^^^^^^^^^^^^^^^^^^^^^^^^^
AttributeError: '_TaskDecorator' object has no attribute 'update_relative'
[2024-11-14T20:32:37.533+0000] {processor.py:927} WARNING - No viable dags retrieved from /opt/airflow/dags/dag_download.py
[2024-11-14T20:32:37.554+0000] {processor.py:208} INFO - Processing /opt/airflow/dags/dag_download.py took 0.067 seconds
[2024-11-14T20:33:07.870+0000] {processor.py:186} INFO - Started process (PID=195) to work on /opt/airflow/dags/dag_download.py
[2024-11-14T20:33:07.875+0000] {processor.py:914} INFO - Processing file /opt/airflow/dags/dag_download.py for tasks to queue
[2024-11-14T20:33:07.883+0000] {logging_mixin.py:190} INFO - [2024-11-14T20:33:07.882+0000] {dagbag.py:588} INFO - Filling up the DagBag from /opt/airflow/dags/dag_download.py
[2024-11-14T20:33:07.913+0000] {logging_mixin.py:190} INFO - [2024-11-14T20:33:07.905+0000] {dagbag.py:387} ERROR - Failed to import: /opt/airflow/dags/dag_download.py
Traceback (most recent call last):
  File "/home/airflow/.local/lib/python3.12/site-packages/airflow/models/dagbag.py", line 383, in parse
    loader.exec_module(new_module)
  File "<frozen importlib._bootstrap_external>", line 995, in exec_module
  File "<frozen importlib._bootstrap>", line 488, in _call_with_frames_removed
  File "/opt/airflow/dags/dag_download.py", line 91, in <module>
    bash_task_down >> bash_task_tar >> [PostgresOperator_task_economy, PostgresOperator_task_business, PostgresOperator_task_cleandata] >> python_clean_data_extract >> insert_data_economy >> insert_data_business
    ~~~~~~~~~~~~~~~~~~~~~~~~~~~~~~~~~~~~~~~~~~~~~~~~~~~~~~~~~~~~~~~~~~~~~~~~~~~~~~~~~~~~~~~~~~~~~~~~~~~~~~~~~~~~~~~~~~~~~~~~~~~~~~~~~~~~~~~~~~~~~~~~~~~~~~~~~~~~~~~~~^^~~~~~~~~~~~~~~~~~~~~
  File "/home/airflow/.local/lib/python3.12/site-packages/airflow/models/taskmixin.py", line 104, in __rshift__
    self.set_downstream(other)
  File "/home/airflow/.local/lib/python3.12/site-packages/airflow/models/taskmixin.py", line 263, in set_downstream
    self._set_relatives(task_or_task_list, upstream=False, edge_modifier=edge_modifier)
  File "/home/airflow/.local/lib/python3.12/site-packages/airflow/models/taskmixin.py", line 215, in _set_relatives
    task_object.update_relative(self, not upstream, edge_modifier=edge_modifier)
    ^^^^^^^^^^^^^^^^^^^^^^^^^^^
AttributeError: '_TaskDecorator' object has no attribute 'update_relative'
[2024-11-14T20:33:07.916+0000] {processor.py:927} WARNING - No viable dags retrieved from /opt/airflow/dags/dag_download.py
[2024-11-14T20:33:07.943+0000] {processor.py:208} INFO - Processing /opt/airflow/dags/dag_download.py took 0.079 seconds
[2024-11-14T20:33:38.265+0000] {processor.py:186} INFO - Started process (PID=203) to work on /opt/airflow/dags/dag_download.py
[2024-11-14T20:33:38.266+0000] {processor.py:914} INFO - Processing file /opt/airflow/dags/dag_download.py for tasks to queue
[2024-11-14T20:33:38.268+0000] {logging_mixin.py:190} INFO - [2024-11-14T20:33:38.268+0000] {dagbag.py:588} INFO - Filling up the DagBag from /opt/airflow/dags/dag_download.py
[2024-11-14T20:33:38.286+0000] {logging_mixin.py:190} INFO - [2024-11-14T20:33:38.281+0000] {dagbag.py:387} ERROR - Failed to import: /opt/airflow/dags/dag_download.py
Traceback (most recent call last):
  File "/home/airflow/.local/lib/python3.12/site-packages/airflow/models/dagbag.py", line 383, in parse
    loader.exec_module(new_module)
  File "<frozen importlib._bootstrap_external>", line 995, in exec_module
  File "<frozen importlib._bootstrap>", line 488, in _call_with_frames_removed
  File "/opt/airflow/dags/dag_download.py", line 91, in <module>
    bash_task_down >> bash_task_tar >> [PostgresOperator_task_economy, PostgresOperator_task_business, PostgresOperator_task_cleandata] >> python_clean_data_extract >> insert_data_economy >> insert_data_business
    ~~~~~~~~~~~~~~~~~~~~~~~~~~~~~~~~~~~~~~~~~~~~~~~~~~~~~~~~~~~~~~~~~~~~~~~~~~~~~~~~~~~~~~~~~~~~~~~~~~~~~~~~~~~~~~~~~~~~~~~~~~~~~~~~~~~~~~~~~~~~~~~~~~~~~~~~~~~~~~~~~^^~~~~~~~~~~~~~~~~~~~~
  File "/home/airflow/.local/lib/python3.12/site-packages/airflow/models/taskmixin.py", line 104, in __rshift__
    self.set_downstream(other)
  File "/home/airflow/.local/lib/python3.12/site-packages/airflow/models/taskmixin.py", line 263, in set_downstream
    self._set_relatives(task_or_task_list, upstream=False, edge_modifier=edge_modifier)
  File "/home/airflow/.local/lib/python3.12/site-packages/airflow/models/taskmixin.py", line 215, in _set_relatives
    task_object.update_relative(self, not upstream, edge_modifier=edge_modifier)
    ^^^^^^^^^^^^^^^^^^^^^^^^^^^
AttributeError: '_TaskDecorator' object has no attribute 'update_relative'
[2024-11-14T20:33:38.288+0000] {processor.py:927} WARNING - No viable dags retrieved from /opt/airflow/dags/dag_download.py
[2024-11-14T20:33:38.316+0000] {processor.py:208} INFO - Processing /opt/airflow/dags/dag_download.py took 0.056 seconds
[2024-11-14T20:33:50.401+0000] {processor.py:186} INFO - Started process (PID=204) to work on /opt/airflow/dags/dag_download.py
[2024-11-14T20:33:50.402+0000] {processor.py:914} INFO - Processing file /opt/airflow/dags/dag_download.py for tasks to queue
[2024-11-14T20:33:50.405+0000] {logging_mixin.py:190} INFO - [2024-11-14T20:33:50.405+0000] {dagbag.py:588} INFO - Filling up the DagBag from /opt/airflow/dags/dag_download.py
[2024-11-14T20:33:50.431+0000] {logging_mixin.py:190} INFO - [2024-11-14T20:33:50.429+0000] {dagbag.py:484} ERROR - Failed to bag_dag: /opt/airflow/dags/dag_download.py
Traceback (most recent call last):
  File "/home/airflow/.local/lib/python3.12/site-packages/airflow/timetables/_cron.py", line 102, in validate
    croniter(self._expression)
  File "/home/airflow/.local/lib/python3.12/site-packages/croniter/croniter.py", line 217, in __init__
    self.expanded, self.nth_weekday_of_month = self.expand(
                                               ^^^^^^^^^^^^
  File "/home/airflow/.local/lib/python3.12/site-packages/croniter/croniter.py", line 943, in expand
    return cls._expand(expr_format, hash_id=hash_id,
           ^^^^^^^^^^^^^^^^^^^^^^^^^^^^^^^^^^^^^^^^^
  File "/home/airflow/.local/lib/python3.12/site-packages/croniter/croniter.py", line 760, in _expand
    raise CroniterBadCronError(cls.bad_length)
croniter.croniter.CroniterBadCronError: Exactly 5, 6 or 7 columns has to be specified for iterator expression.

During handling of the above exception, another exception occurred:

Traceback (most recent call last):
  File "/home/airflow/.local/lib/python3.12/site-packages/airflow/models/dagbag.py", line 479, in _process_modules
    dag.validate()
  File "/home/airflow/.local/lib/python3.12/site-packages/airflow/models/dag.py", line 845, in validate
    self.timetable.validate()
  File "/home/airflow/.local/lib/python3.12/site-packages/airflow/timetables/_cron.py", line 104, in validate
    raise AirflowTimetableInvalid(str(e))
airflow.exceptions.AirflowTimetableInvalid: Exactly 5, 6 or 7 columns has to be specified for iterator expression.
[2024-11-14T20:33:50.432+0000] {processor.py:927} WARNING - No viable dags retrieved from /opt/airflow/dags/dag_download.py
[2024-11-14T20:33:50.461+0000] {processor.py:208} INFO - Processing /opt/airflow/dags/dag_download.py took 0.066 seconds
[2024-11-14T20:34:20.752+0000] {processor.py:186} INFO - Started process (PID=212) to work on /opt/airflow/dags/dag_download.py
[2024-11-14T20:34:20.753+0000] {processor.py:914} INFO - Processing file /opt/airflow/dags/dag_download.py for tasks to queue
[2024-11-14T20:34:20.755+0000] {logging_mixin.py:190} INFO - [2024-11-14T20:34:20.755+0000] {dagbag.py:588} INFO - Filling up the DagBag from /opt/airflow/dags/dag_download.py
[2024-11-14T20:34:20.769+0000] {logging_mixin.py:190} INFO - [2024-11-14T20:34:20.767+0000] {dagbag.py:484} ERROR - Failed to bag_dag: /opt/airflow/dags/dag_download.py
Traceback (most recent call last):
  File "/home/airflow/.local/lib/python3.12/site-packages/airflow/timetables/_cron.py", line 102, in validate
    croniter(self._expression)
  File "/home/airflow/.local/lib/python3.12/site-packages/croniter/croniter.py", line 217, in __init__
    self.expanded, self.nth_weekday_of_month = self.expand(
                                               ^^^^^^^^^^^^
  File "/home/airflow/.local/lib/python3.12/site-packages/croniter/croniter.py", line 943, in expand
    return cls._expand(expr_format, hash_id=hash_id,
           ^^^^^^^^^^^^^^^^^^^^^^^^^^^^^^^^^^^^^^^^^
  File "/home/airflow/.local/lib/python3.12/site-packages/croniter/croniter.py", line 760, in _expand
    raise CroniterBadCronError(cls.bad_length)
croniter.croniter.CroniterBadCronError: Exactly 5, 6 or 7 columns has to be specified for iterator expression.

During handling of the above exception, another exception occurred:

Traceback (most recent call last):
  File "/home/airflow/.local/lib/python3.12/site-packages/airflow/models/dagbag.py", line 479, in _process_modules
    dag.validate()
  File "/home/airflow/.local/lib/python3.12/site-packages/airflow/models/dag.py", line 845, in validate
    self.timetable.validate()
  File "/home/airflow/.local/lib/python3.12/site-packages/airflow/timetables/_cron.py", line 104, in validate
    raise AirflowTimetableInvalid(str(e))
airflow.exceptions.AirflowTimetableInvalid: Exactly 5, 6 or 7 columns has to be specified for iterator expression.
[2024-11-14T20:34:20.770+0000] {processor.py:927} WARNING - No viable dags retrieved from /opt/airflow/dags/dag_download.py
[2024-11-14T20:34:20.797+0000] {processor.py:208} INFO - Processing /opt/airflow/dags/dag_download.py took 0.049 seconds
[2024-11-14T20:34:44.030+0000] {processor.py:186} INFO - Started process (PID=220) to work on /opt/airflow/dags/dag_download.py
[2024-11-14T20:34:44.031+0000] {processor.py:914} INFO - Processing file /opt/airflow/dags/dag_download.py for tasks to queue
[2024-11-14T20:34:44.034+0000] {logging_mixin.py:190} INFO - [2024-11-14T20:34:44.033+0000] {dagbag.py:588} INFO - Filling up the DagBag from /opt/airflow/dags/dag_download.py
[2024-11-14T20:34:44.076+0000] {processor.py:925} INFO - DAG(s) 'Extract_data_into_Postgres' retrieved from /opt/airflow/dags/dag_download.py
[2024-11-14T20:34:44.260+0000] {logging_mixin.py:190} INFO - [2024-11-14T20:34:44.259+0000] {override.py:1900} INFO - Created Permission View: can edit on DAG:Extract_data_into_Postgres
[2024-11-14T20:34:44.269+0000] {logging_mixin.py:190} INFO - [2024-11-14T20:34:44.269+0000] {override.py:1900} INFO - Created Permission View: can read on DAG:Extract_data_into_Postgres
[2024-11-14T20:34:44.276+0000] {logging_mixin.py:190} INFO - [2024-11-14T20:34:44.275+0000] {override.py:1900} INFO - Created Permission View: can delete on DAG:Extract_data_into_Postgres
[2024-11-14T20:34:44.283+0000] {logging_mixin.py:190} INFO - [2024-11-14T20:34:44.283+0000] {override.py:1900} INFO - Created Permission View: menu access on DAG Run:Extract_data_into_Postgres
[2024-11-14T20:34:44.288+0000] {logging_mixin.py:190} INFO - [2024-11-14T20:34:44.288+0000] {override.py:1900} INFO - Created Permission View: can read on DAG Run:Extract_data_into_Postgres
[2024-11-14T20:34:44.293+0000] {logging_mixin.py:190} INFO - [2024-11-14T20:34:44.293+0000] {override.py:1900} INFO - Created Permission View: can delete on DAG Run:Extract_data_into_Postgres
[2024-11-14T20:34:44.299+0000] {logging_mixin.py:190} INFO - [2024-11-14T20:34:44.298+0000] {override.py:1900} INFO - Created Permission View: can create on DAG Run:Extract_data_into_Postgres
[2024-11-14T20:34:44.299+0000] {logging_mixin.py:190} INFO - [2024-11-14T20:34:44.299+0000] {dag.py:3239} INFO - Sync 1 DAGs
[2024-11-14T20:34:44.311+0000] {logging_mixin.py:190} INFO - [2024-11-14T20:34:44.311+0000] {dag.py:3262} INFO - Creating ORM DAG for Extract_data_into_Postgres
[2024-11-14T20:34:44.312+0000] {logging_mixin.py:190} INFO - [2024-11-14T20:34:44.312+0000] {dag.py:4180} INFO - Setting next_dagrun for Extract_data_into_Postgres to None, run_after=None
[2024-11-14T20:34:44.331+0000] {processor.py:208} INFO - Processing /opt/airflow/dags/dag_download.py took 0.307 seconds
[2024-11-14T20:35:14.637+0000] {processor.py:186} INFO - Started process (PID=230) to work on /opt/airflow/dags/dag_download.py
[2024-11-14T20:35:14.638+0000] {processor.py:914} INFO - Processing file /opt/airflow/dags/dag_download.py for tasks to queue
[2024-11-14T20:35:14.640+0000] {logging_mixin.py:190} INFO - [2024-11-14T20:35:14.640+0000] {dagbag.py:588} INFO - Filling up the DagBag from /opt/airflow/dags/dag_download.py
[2024-11-14T20:35:14.668+0000] {processor.py:925} INFO - DAG(s) 'Extract_data_into_Postgres' retrieved from /opt/airflow/dags/dag_download.py
[2024-11-14T20:35:14.694+0000] {logging_mixin.py:190} INFO - [2024-11-14T20:35:14.694+0000] {dag.py:3239} INFO - Sync 1 DAGs
[2024-11-14T20:35:14.707+0000] {logging_mixin.py:190} INFO - [2024-11-14T20:35:14.707+0000] {dag.py:4180} INFO - Setting next_dagrun for Extract_data_into_Postgres to None, run_after=None
[2024-11-14T20:35:14.730+0000] {processor.py:208} INFO - Processing /opt/airflow/dags/dag_download.py took 0.098 seconds
[2024-11-14T20:35:45.027+0000] {processor.py:186} INFO - Started process (PID=238) to work on /opt/airflow/dags/dag_download.py
[2024-11-14T20:35:45.028+0000] {processor.py:914} INFO - Processing file /opt/airflow/dags/dag_download.py for tasks to queue
[2024-11-14T20:35:45.031+0000] {logging_mixin.py:190} INFO - [2024-11-14T20:35:45.030+0000] {dagbag.py:588} INFO - Filling up the DagBag from /opt/airflow/dags/dag_download.py
[2024-11-14T20:35:45.055+0000] {processor.py:925} INFO - DAG(s) 'Extract_data_into_Postgres' retrieved from /opt/airflow/dags/dag_download.py
[2024-11-14T20:35:45.078+0000] {logging_mixin.py:190} INFO - [2024-11-14T20:35:45.078+0000] {dag.py:3239} INFO - Sync 1 DAGs
[2024-11-14T20:35:45.089+0000] {logging_mixin.py:190} INFO - [2024-11-14T20:35:45.089+0000] {dag.py:4180} INFO - Setting next_dagrun for Extract_data_into_Postgres to None, run_after=None
[2024-11-14T20:35:45.112+0000] {processor.py:208} INFO - Processing /opt/airflow/dags/dag_download.py took 0.090 seconds
[2024-11-14T20:36:15.367+0000] {processor.py:186} INFO - Started process (PID=246) to work on /opt/airflow/dags/dag_download.py
[2024-11-14T20:36:15.368+0000] {processor.py:914} INFO - Processing file /opt/airflow/dags/dag_download.py for tasks to queue
[2024-11-14T20:36:15.371+0000] {logging_mixin.py:190} INFO - [2024-11-14T20:36:15.370+0000] {dagbag.py:588} INFO - Filling up the DagBag from /opt/airflow/dags/dag_download.py
[2024-11-14T20:36:15.405+0000] {processor.py:925} INFO - DAG(s) 'Extract_data_into_Postgres' retrieved from /opt/airflow/dags/dag_download.py
[2024-11-14T20:36:15.439+0000] {logging_mixin.py:190} INFO - [2024-11-14T20:36:15.438+0000] {dag.py:3239} INFO - Sync 1 DAGs
[2024-11-14T20:36:15.454+0000] {logging_mixin.py:190} INFO - [2024-11-14T20:36:15.454+0000] {dag.py:4180} INFO - Setting next_dagrun for Extract_data_into_Postgres to None, run_after=None
[2024-11-14T20:36:15.477+0000] {processor.py:208} INFO - Processing /opt/airflow/dags/dag_download.py took 0.116 seconds
[2024-11-14T20:36:45.749+0000] {processor.py:186} INFO - Started process (PID=254) to work on /opt/airflow/dags/dag_download.py
[2024-11-14T20:36:45.750+0000] {processor.py:914} INFO - Processing file /opt/airflow/dags/dag_download.py for tasks to queue
[2024-11-14T20:36:45.753+0000] {logging_mixin.py:190} INFO - [2024-11-14T20:36:45.752+0000] {dagbag.py:588} INFO - Filling up the DagBag from /opt/airflow/dags/dag_download.py
[2024-11-14T20:36:45.782+0000] {processor.py:925} INFO - DAG(s) 'Extract_data_into_Postgres' retrieved from /opt/airflow/dags/dag_download.py
[2024-11-14T20:36:45.808+0000] {logging_mixin.py:190} INFO - [2024-11-14T20:36:45.808+0000] {dag.py:3239} INFO - Sync 1 DAGs
[2024-11-14T20:36:45.822+0000] {logging_mixin.py:190} INFO - [2024-11-14T20:36:45.821+0000] {dag.py:4180} INFO - Setting next_dagrun for Extract_data_into_Postgres to None, run_after=None
[2024-11-14T20:36:45.849+0000] {processor.py:208} INFO - Processing /opt/airflow/dags/dag_download.py took 0.107 seconds
[2024-11-14T20:37:16.121+0000] {processor.py:186} INFO - Started process (PID=262) to work on /opt/airflow/dags/dag_download.py
[2024-11-14T20:37:16.122+0000] {processor.py:914} INFO - Processing file /opt/airflow/dags/dag_download.py for tasks to queue
[2024-11-14T20:37:16.127+0000] {logging_mixin.py:190} INFO - [2024-11-14T20:37:16.126+0000] {dagbag.py:588} INFO - Filling up the DagBag from /opt/airflow/dags/dag_download.py
[2024-11-14T20:37:16.195+0000] {processor.py:925} INFO - DAG(s) 'Extract_data_into_Postgres' retrieved from /opt/airflow/dags/dag_download.py
[2024-11-14T20:37:16.233+0000] {logging_mixin.py:190} INFO - [2024-11-14T20:37:16.232+0000] {dag.py:3239} INFO - Sync 1 DAGs
[2024-11-14T20:37:16.263+0000] {logging_mixin.py:190} INFO - [2024-11-14T20:37:16.262+0000] {dag.py:4180} INFO - Setting next_dagrun for Extract_data_into_Postgres to None, run_after=None
[2024-11-14T20:37:16.349+0000] {processor.py:208} INFO - Processing /opt/airflow/dags/dag_download.py took 0.236 seconds
[2024-11-14T20:37:46.475+0000] {processor.py:186} INFO - Started process (PID=271) to work on /opt/airflow/dags/dag_download.py
[2024-11-14T20:37:46.476+0000] {processor.py:914} INFO - Processing file /opt/airflow/dags/dag_download.py for tasks to queue
[2024-11-14T20:37:46.479+0000] {logging_mixin.py:190} INFO - [2024-11-14T20:37:46.479+0000] {dagbag.py:588} INFO - Filling up the DagBag from /opt/airflow/dags/dag_download.py
[2024-11-14T20:37:46.507+0000] {processor.py:925} INFO - DAG(s) 'Extract_data_into_Postgres' retrieved from /opt/airflow/dags/dag_download.py
[2024-11-14T20:37:46.534+0000] {logging_mixin.py:190} INFO - [2024-11-14T20:37:46.534+0000] {dag.py:3239} INFO - Sync 1 DAGs
[2024-11-14T20:37:46.548+0000] {logging_mixin.py:190} INFO - [2024-11-14T20:37:46.548+0000] {dag.py:4180} INFO - Setting next_dagrun for Extract_data_into_Postgres to None, run_after=None
[2024-11-14T20:37:46.580+0000] {processor.py:208} INFO - Processing /opt/airflow/dags/dag_download.py took 0.111 seconds
[2024-11-14T20:37:57.631+0000] {processor.py:186} INFO - Started process (PID=272) to work on /opt/airflow/dags/dag_download.py
[2024-11-14T20:37:57.632+0000] {processor.py:914} INFO - Processing file /opt/airflow/dags/dag_download.py for tasks to queue
[2024-11-14T20:37:57.636+0000] {logging_mixin.py:190} INFO - [2024-11-14T20:37:57.635+0000] {dagbag.py:588} INFO - Filling up the DagBag from /opt/airflow/dags/dag_download.py
[2024-11-14T20:37:57.687+0000] {processor.py:925} INFO - DAG(s) 'Extract_data_into_Postgres' retrieved from /opt/airflow/dags/dag_download.py
[2024-11-14T20:37:57.798+0000] {logging_mixin.py:190} INFO - [2024-11-14T20:37:57.798+0000] {dag.py:3239} INFO - Sync 1 DAGs
[2024-11-14T20:37:57.810+0000] {logging_mixin.py:190} INFO - [2024-11-14T20:37:57.810+0000] {dag.py:4180} INFO - Setting next_dagrun for Extract_data_into_Postgres to None, run_after=None
[2024-11-14T20:37:57.848+0000] {processor.py:208} INFO - Processing /opt/airflow/dags/dag_download.py took 0.224 seconds
[2024-11-14T20:38:05.031+0000] {processor.py:186} INFO - Started process (PID=274) to work on /opt/airflow/dags/dag_download.py
[2024-11-14T20:38:05.042+0000] {processor.py:914} INFO - Processing file /opt/airflow/dags/dag_download.py for tasks to queue
[2024-11-14T20:38:05.047+0000] {logging_mixin.py:190} INFO - [2024-11-14T20:38:05.046+0000] {dagbag.py:588} INFO - Filling up the DagBag from /opt/airflow/dags/dag_download.py
[2024-11-14T20:38:05.094+0000] {processor.py:925} INFO - DAG(s) 'Extract_data_into_Postgres' retrieved from /opt/airflow/dags/dag_download.py
[2024-11-14T20:38:05.110+0000] {logging_mixin.py:190} INFO - [2024-11-14T20:38:05.110+0000] {dag.py:3239} INFO - Sync 1 DAGs
[2024-11-14T20:38:05.129+0000] {logging_mixin.py:190} INFO - [2024-11-14T20:38:05.128+0000] {dag.py:4180} INFO - Setting next_dagrun for Extract_data_into_Postgres to None, run_after=None
[2024-11-14T20:38:05.158+0000] {processor.py:208} INFO - Processing /opt/airflow/dags/dag_download.py took 0.133 seconds
[2024-11-14T20:38:08.094+0000] {processor.py:186} INFO - Started process (PID=281) to work on /opt/airflow/dags/dag_download.py
[2024-11-14T20:38:08.095+0000] {processor.py:914} INFO - Processing file /opt/airflow/dags/dag_download.py for tasks to queue
[2024-11-14T20:38:08.100+0000] {logging_mixin.py:190} INFO - [2024-11-14T20:38:08.099+0000] {dagbag.py:588} INFO - Filling up the DagBag from /opt/airflow/dags/dag_download.py
[2024-11-14T20:38:08.193+0000] {processor.py:925} INFO - DAG(s) 'Extract_data_into_Postgres' retrieved from /opt/airflow/dags/dag_download.py
[2024-11-14T20:38:08.212+0000] {logging_mixin.py:190} INFO - [2024-11-14T20:38:08.211+0000] {dag.py:3239} INFO - Sync 1 DAGs
[2024-11-14T20:38:08.229+0000] {logging_mixin.py:190} INFO - [2024-11-14T20:38:08.229+0000] {dag.py:4180} INFO - Setting next_dagrun for Extract_data_into_Postgres to None, run_after=None
[2024-11-14T20:38:08.257+0000] {processor.py:208} INFO - Processing /opt/airflow/dags/dag_download.py took 0.174 seconds
[2024-11-14T20:38:38.671+0000] {processor.py:186} INFO - Started process (PID=289) to work on /opt/airflow/dags/dag_download.py
[2024-11-14T20:38:38.671+0000] {processor.py:914} INFO - Processing file /opt/airflow/dags/dag_download.py for tasks to queue
[2024-11-14T20:38:38.674+0000] {logging_mixin.py:190} INFO - [2024-11-14T20:38:38.673+0000] {dagbag.py:588} INFO - Filling up the DagBag from /opt/airflow/dags/dag_download.py
[2024-11-14T20:38:38.701+0000] {processor.py:925} INFO - DAG(s) 'Extract_data_into_Postgres' retrieved from /opt/airflow/dags/dag_download.py
[2024-11-14T20:38:38.809+0000] {logging_mixin.py:190} INFO - [2024-11-14T20:38:38.808+0000] {dag.py:3239} INFO - Sync 1 DAGs
[2024-11-14T20:38:38.820+0000] {logging_mixin.py:190} INFO - [2024-11-14T20:38:38.819+0000] {dag.py:4180} INFO - Setting next_dagrun for Extract_data_into_Postgres to None, run_after=None
[2024-11-14T20:38:38.849+0000] {processor.py:208} INFO - Processing /opt/airflow/dags/dag_download.py took 0.184 seconds
[2024-11-14T20:39:09.174+0000] {processor.py:186} INFO - Started process (PID=297) to work on /opt/airflow/dags/dag_download.py
[2024-11-14T20:39:09.186+0000] {processor.py:914} INFO - Processing file /opt/airflow/dags/dag_download.py for tasks to queue
[2024-11-14T20:39:09.190+0000] {logging_mixin.py:190} INFO - [2024-11-14T20:39:09.190+0000] {dagbag.py:588} INFO - Filling up the DagBag from /opt/airflow/dags/dag_download.py
[2024-11-14T20:39:09.261+0000] {processor.py:925} INFO - DAG(s) 'Extract_data_into_Postgres' retrieved from /opt/airflow/dags/dag_download.py
[2024-11-14T20:39:09.297+0000] {logging_mixin.py:190} INFO - [2024-11-14T20:39:09.296+0000] {dag.py:3239} INFO - Sync 1 DAGs
[2024-11-14T20:39:09.311+0000] {logging_mixin.py:190} INFO - [2024-11-14T20:39:09.311+0000] {dag.py:4180} INFO - Setting next_dagrun for Extract_data_into_Postgres to None, run_after=None
[2024-11-14T20:39:09.333+0000] {processor.py:208} INFO - Processing /opt/airflow/dags/dag_download.py took 0.165 seconds
[2024-11-14T20:39:39.589+0000] {processor.py:186} INFO - Started process (PID=305) to work on /opt/airflow/dags/dag_download.py
[2024-11-14T20:39:39.591+0000] {processor.py:914} INFO - Processing file /opt/airflow/dags/dag_download.py for tasks to queue
[2024-11-14T20:39:39.595+0000] {logging_mixin.py:190} INFO - [2024-11-14T20:39:39.594+0000] {dagbag.py:588} INFO - Filling up the DagBag from /opt/airflow/dags/dag_download.py
[2024-11-14T20:39:39.621+0000] {processor.py:925} INFO - DAG(s) 'Extract_data_into_Postgres' retrieved from /opt/airflow/dags/dag_download.py
[2024-11-14T20:39:39.651+0000] {logging_mixin.py:190} INFO - [2024-11-14T20:39:39.650+0000] {dag.py:3239} INFO - Sync 1 DAGs
[2024-11-14T20:39:39.667+0000] {logging_mixin.py:190} INFO - [2024-11-14T20:39:39.667+0000] {dag.py:4180} INFO - Setting next_dagrun for Extract_data_into_Postgres to None, run_after=None
[2024-11-14T20:39:39.699+0000] {processor.py:208} INFO - Processing /opt/airflow/dags/dag_download.py took 0.117 seconds
[2024-11-14T20:40:09.999+0000] {processor.py:186} INFO - Started process (PID=313) to work on /opt/airflow/dags/dag_download.py
[2024-11-14T20:40:10.000+0000] {processor.py:914} INFO - Processing file /opt/airflow/dags/dag_download.py for tasks to queue
[2024-11-14T20:40:10.004+0000] {logging_mixin.py:190} INFO - [2024-11-14T20:40:10.004+0000] {dagbag.py:588} INFO - Filling up the DagBag from /opt/airflow/dags/dag_download.py
[2024-11-14T20:40:10.041+0000] {processor.py:925} INFO - DAG(s) 'Extract_data_into_Postgres' retrieved from /opt/airflow/dags/dag_download.py
[2024-11-14T20:40:10.072+0000] {logging_mixin.py:190} INFO - [2024-11-14T20:40:10.071+0000] {dag.py:3239} INFO - Sync 1 DAGs
[2024-11-14T20:40:10.093+0000] {logging_mixin.py:190} INFO - [2024-11-14T20:40:10.093+0000] {dag.py:4180} INFO - Setting next_dagrun for Extract_data_into_Postgres to None, run_after=None
[2024-11-14T20:40:10.132+0000] {processor.py:208} INFO - Processing /opt/airflow/dags/dag_download.py took 0.139 seconds
[2024-11-14T20:40:40.501+0000] {processor.py:186} INFO - Started process (PID=321) to work on /opt/airflow/dags/dag_download.py
[2024-11-14T20:40:40.502+0000] {processor.py:914} INFO - Processing file /opt/airflow/dags/dag_download.py for tasks to queue
[2024-11-14T20:40:40.505+0000] {logging_mixin.py:190} INFO - [2024-11-14T20:40:40.504+0000] {dagbag.py:588} INFO - Filling up the DagBag from /opt/airflow/dags/dag_download.py
[2024-11-14T20:40:40.536+0000] {processor.py:925} INFO - DAG(s) 'Extract_data_into_Postgres' retrieved from /opt/airflow/dags/dag_download.py
[2024-11-14T20:40:40.566+0000] {logging_mixin.py:190} INFO - [2024-11-14T20:40:40.565+0000] {dag.py:3239} INFO - Sync 1 DAGs
[2024-11-14T20:40:40.581+0000] {logging_mixin.py:190} INFO - [2024-11-14T20:40:40.581+0000] {dag.py:4180} INFO - Setting next_dagrun for Extract_data_into_Postgres to None, run_after=None
[2024-11-14T20:40:40.611+0000] {processor.py:208} INFO - Processing /opt/airflow/dags/dag_download.py took 0.115 seconds
[2024-11-14T20:41:12.100+0000] {processor.py:186} INFO - Started process (PID=329) to work on /opt/airflow/dags/dag_download.py
[2024-11-14T20:41:12.232+0000] {processor.py:914} INFO - Processing file /opt/airflow/dags/dag_download.py for tasks to queue
[2024-11-14T20:41:12.342+0000] {logging_mixin.py:190} INFO - [2024-11-14T20:41:12.341+0000] {dagbag.py:588} INFO - Filling up the DagBag from /opt/airflow/dags/dag_download.py
[2024-11-14T20:41:19.548+0000] {processor.py:925} INFO - DAG(s) 'Extract_data_into_Postgres' retrieved from /opt/airflow/dags/dag_download.py
[2024-11-14T20:41:19.664+0000] {logging_mixin.py:190} INFO - [2024-11-14T20:41:19.664+0000] {dag.py:3239} INFO - Sync 1 DAGs
[2024-11-14T20:41:20.038+0000] {logging_mixin.py:190} INFO - [2024-11-14T20:41:20.037+0000] {dag.py:4180} INFO - Setting next_dagrun for Extract_data_into_Postgres to None, run_after=None
[2024-11-14T20:41:20.194+0000] {processor.py:208} INFO - Processing /opt/airflow/dags/dag_download.py took 8.101 seconds
[2024-11-14T20:41:50.941+0000] {processor.py:186} INFO - Started process (PID=337) to work on /opt/airflow/dags/dag_download.py
[2024-11-14T20:41:50.943+0000] {processor.py:914} INFO - Processing file /opt/airflow/dags/dag_download.py for tasks to queue
[2024-11-14T20:41:50.947+0000] {logging_mixin.py:190} INFO - [2024-11-14T20:41:50.947+0000] {dagbag.py:588} INFO - Filling up the DagBag from /opt/airflow/dags/dag_download.py
[2024-11-14T20:41:50.994+0000] {processor.py:925} INFO - DAG(s) 'Extract_data_into_Postgres' retrieved from /opt/airflow/dags/dag_download.py
[2024-11-14T20:41:51.024+0000] {logging_mixin.py:190} INFO - [2024-11-14T20:41:51.024+0000] {dag.py:3239} INFO - Sync 1 DAGs
[2024-11-14T20:41:51.041+0000] {logging_mixin.py:190} INFO - [2024-11-14T20:41:51.040+0000] {dag.py:4180} INFO - Setting next_dagrun for Extract_data_into_Postgres to None, run_after=None
[2024-11-14T20:41:51.065+0000] {processor.py:208} INFO - Processing /opt/airflow/dags/dag_download.py took 0.131 seconds
[2024-11-14T20:47:14.676+0000] {processor.py:186} INFO - Started process (PID=60) to work on /opt/airflow/dags/dag_download.py
[2024-11-14T20:47:14.678+0000] {processor.py:914} INFO - Processing file /opt/airflow/dags/dag_download.py for tasks to queue
[2024-11-14T20:47:14.681+0000] {logging_mixin.py:190} INFO - [2024-11-14T20:47:14.681+0000] {dagbag.py:588} INFO - Filling up the DagBag from /opt/airflow/dags/dag_download.py
[2024-11-14T20:47:14.754+0000] {processor.py:925} INFO - DAG(s) 'Extract_data_into_Postgres' retrieved from /opt/airflow/dags/dag_download.py
[2024-11-14T20:47:15.160+0000] {logging_mixin.py:190} INFO - [2024-11-14T20:47:15.159+0000] {override.py:1900} INFO - Created Permission View: can delete on DAG:Extract_data_into_Postgres
[2024-11-14T20:47:15.182+0000] {logging_mixin.py:190} INFO - [2024-11-14T20:47:15.181+0000] {override.py:1900} INFO - Created Permission View: can read on DAG:Extract_data_into_Postgres
[2024-11-14T20:47:15.204+0000] {logging_mixin.py:190} INFO - [2024-11-14T20:47:15.203+0000] {override.py:1900} INFO - Created Permission View: can edit on DAG:Extract_data_into_Postgres
[2024-11-14T20:47:15.243+0000] {logging_mixin.py:190} INFO - [2024-11-14T20:47:15.242+0000] {override.py:1900} INFO - Created Permission View: menu access on DAG Run:Extract_data_into_Postgres
[2024-11-14T20:47:15.255+0000] {logging_mixin.py:190} INFO - [2024-11-14T20:47:15.255+0000] {override.py:1900} INFO - Created Permission View: can read on DAG Run:Extract_data_into_Postgres
[2024-11-14T20:47:15.269+0000] {logging_mixin.py:190} INFO - [2024-11-14T20:47:15.268+0000] {override.py:1900} INFO - Created Permission View: can create on DAG Run:Extract_data_into_Postgres
[2024-11-14T20:47:15.281+0000] {logging_mixin.py:190} INFO - [2024-11-14T20:47:15.281+0000] {override.py:1900} INFO - Created Permission View: can delete on DAG Run:Extract_data_into_Postgres
[2024-11-14T20:47:15.282+0000] {logging_mixin.py:190} INFO - [2024-11-14T20:47:15.282+0000] {dag.py:3239} INFO - Sync 1 DAGs
[2024-11-14T20:47:15.301+0000] {logging_mixin.py:190} INFO - [2024-11-14T20:47:15.301+0000] {dag.py:3262} INFO - Creating ORM DAG for Extract_data_into_Postgres
[2024-11-14T20:47:15.303+0000] {logging_mixin.py:190} INFO - [2024-11-14T20:47:15.303+0000] {dag.py:4180} INFO - Setting next_dagrun for Extract_data_into_Postgres to None, run_after=None
[2024-11-14T20:47:15.336+0000] {processor.py:208} INFO - Processing /opt/airflow/dags/dag_download.py took 0.669 seconds
[2024-11-14T20:47:45.672+0000] {processor.py:186} INFO - Started process (PID=74) to work on /opt/airflow/dags/dag_download.py
[2024-11-14T20:47:45.676+0000] {processor.py:914} INFO - Processing file /opt/airflow/dags/dag_download.py for tasks to queue
[2024-11-14T20:47:45.682+0000] {logging_mixin.py:190} INFO - [2024-11-14T20:47:45.682+0000] {dagbag.py:588} INFO - Filling up the DagBag from /opt/airflow/dags/dag_download.py
[2024-11-14T20:47:45.731+0000] {processor.py:925} INFO - DAG(s) 'Extract_data_into_Postgres' retrieved from /opt/airflow/dags/dag_download.py
[2024-11-14T20:47:45.779+0000] {logging_mixin.py:190} INFO - [2024-11-14T20:47:45.778+0000] {dag.py:3239} INFO - Sync 1 DAGs
[2024-11-14T20:47:45.799+0000] {logging_mixin.py:190} INFO - [2024-11-14T20:47:45.798+0000] {dag.py:4180} INFO - Setting next_dagrun for Extract_data_into_Postgres to None, run_after=None
[2024-11-14T20:47:45.824+0000] {processor.py:208} INFO - Processing /opt/airflow/dags/dag_download.py took 0.165 seconds
[2024-11-14T20:48:16.136+0000] {processor.py:186} INFO - Started process (PID=87) to work on /opt/airflow/dags/dag_download.py
[2024-11-14T20:48:16.137+0000] {processor.py:914} INFO - Processing file /opt/airflow/dags/dag_download.py for tasks to queue
[2024-11-14T20:48:16.139+0000] {logging_mixin.py:190} INFO - [2024-11-14T20:48:16.139+0000] {dagbag.py:588} INFO - Filling up the DagBag from /opt/airflow/dags/dag_download.py
[2024-11-14T20:48:16.169+0000] {processor.py:925} INFO - DAG(s) 'Extract_data_into_Postgres' retrieved from /opt/airflow/dags/dag_download.py
[2024-11-14T20:48:16.200+0000] {logging_mixin.py:190} INFO - [2024-11-14T20:48:16.200+0000] {dag.py:3239} INFO - Sync 1 DAGs
[2024-11-14T20:48:16.214+0000] {logging_mixin.py:190} INFO - [2024-11-14T20:48:16.214+0000] {dag.py:4180} INFO - Setting next_dagrun for Extract_data_into_Postgres to None, run_after=None
[2024-11-14T20:48:16.238+0000] {processor.py:208} INFO - Processing /opt/airflow/dags/dag_download.py took 0.108 seconds
[2024-11-14T20:48:46.402+0000] {processor.py:186} INFO - Started process (PID=95) to work on /opt/airflow/dags/dag_download.py
[2024-11-14T20:48:46.404+0000] {processor.py:914} INFO - Processing file /opt/airflow/dags/dag_download.py for tasks to queue
[2024-11-14T20:48:46.406+0000] {logging_mixin.py:190} INFO - [2024-11-14T20:48:46.406+0000] {dagbag.py:588} INFO - Filling up the DagBag from /opt/airflow/dags/dag_download.py
[2024-11-14T20:48:46.462+0000] {processor.py:925} INFO - DAG(s) 'Extract_data_into_Postgres' retrieved from /opt/airflow/dags/dag_download.py
[2024-11-14T20:48:46.503+0000] {logging_mixin.py:190} INFO - [2024-11-14T20:48:46.503+0000] {dag.py:3239} INFO - Sync 1 DAGs
[2024-11-14T20:48:46.528+0000] {logging_mixin.py:190} INFO - [2024-11-14T20:48:46.528+0000] {dag.py:4180} INFO - Setting next_dagrun for Extract_data_into_Postgres to None, run_after=None
[2024-11-14T20:48:46.559+0000] {processor.py:208} INFO - Processing /opt/airflow/dags/dag_download.py took 0.164 seconds
[2024-11-14T20:49:16.878+0000] {processor.py:186} INFO - Started process (PID=102) to work on /opt/airflow/dags/dag_download.py
[2024-11-14T20:49:16.885+0000] {processor.py:914} INFO - Processing file /opt/airflow/dags/dag_download.py for tasks to queue
[2024-11-14T20:49:16.891+0000] {logging_mixin.py:190} INFO - [2024-11-14T20:49:16.890+0000] {dagbag.py:588} INFO - Filling up the DagBag from /opt/airflow/dags/dag_download.py
[2024-11-14T20:49:16.956+0000] {processor.py:925} INFO - DAG(s) 'Extract_data_into_Postgres' retrieved from /opt/airflow/dags/dag_download.py
[2024-11-14T20:49:17.039+0000] {logging_mixin.py:190} INFO - [2024-11-14T20:49:17.038+0000] {dag.py:3239} INFO - Sync 1 DAGs
[2024-11-14T20:49:17.076+0000] {logging_mixin.py:190} INFO - [2024-11-14T20:49:17.075+0000] {dag.py:4180} INFO - Setting next_dagrun for Extract_data_into_Postgres to None, run_after=None
[2024-11-14T20:49:17.123+0000] {processor.py:208} INFO - Processing /opt/airflow/dags/dag_download.py took 0.253 seconds
[2024-11-14T20:49:47.351+0000] {processor.py:186} INFO - Started process (PID=110) to work on /opt/airflow/dags/dag_download.py
[2024-11-14T20:49:47.352+0000] {processor.py:914} INFO - Processing file /opt/airflow/dags/dag_download.py for tasks to queue
[2024-11-14T20:49:47.354+0000] {logging_mixin.py:190} INFO - [2024-11-14T20:49:47.354+0000] {dagbag.py:588} INFO - Filling up the DagBag from /opt/airflow/dags/dag_download.py
[2024-11-14T20:49:47.379+0000] {processor.py:925} INFO - DAG(s) 'Extract_data_into_Postgres' retrieved from /opt/airflow/dags/dag_download.py
[2024-11-14T20:49:47.404+0000] {logging_mixin.py:190} INFO - [2024-11-14T20:49:47.403+0000] {dag.py:3239} INFO - Sync 1 DAGs
[2024-11-14T20:49:47.417+0000] {logging_mixin.py:190} INFO - [2024-11-14T20:49:47.416+0000] {dag.py:4180} INFO - Setting next_dagrun for Extract_data_into_Postgres to None, run_after=None
[2024-11-14T20:49:47.437+0000] {processor.py:208} INFO - Processing /opt/airflow/dags/dag_download.py took 0.091 seconds
[2024-11-14T20:50:17.725+0000] {processor.py:186} INFO - Started process (PID=118) to work on /opt/airflow/dags/dag_download.py
[2024-11-14T20:50:17.726+0000] {processor.py:914} INFO - Processing file /opt/airflow/dags/dag_download.py for tasks to queue
[2024-11-14T20:50:17.730+0000] {logging_mixin.py:190} INFO - [2024-11-14T20:50:17.729+0000] {dagbag.py:588} INFO - Filling up the DagBag from /opt/airflow/dags/dag_download.py
[2024-11-14T20:50:17.763+0000] {processor.py:925} INFO - DAG(s) 'Extract_data_into_Postgres' retrieved from /opt/airflow/dags/dag_download.py
[2024-11-14T20:50:17.791+0000] {logging_mixin.py:190} INFO - [2024-11-14T20:50:17.791+0000] {dag.py:3239} INFO - Sync 1 DAGs
[2024-11-14T20:50:17.805+0000] {logging_mixin.py:190} INFO - [2024-11-14T20:50:17.805+0000] {dag.py:4180} INFO - Setting next_dagrun for Extract_data_into_Postgres to None, run_after=None
[2024-11-14T20:50:17.824+0000] {processor.py:208} INFO - Processing /opt/airflow/dags/dag_download.py took 0.105 seconds
[2024-11-14T20:50:48.004+0000] {processor.py:186} INFO - Started process (PID=126) to work on /opt/airflow/dags/dag_download.py
[2024-11-14T20:50:48.005+0000] {processor.py:914} INFO - Processing file /opt/airflow/dags/dag_download.py for tasks to queue
[2024-11-14T20:50:48.007+0000] {logging_mixin.py:190} INFO - [2024-11-14T20:50:48.007+0000] {dagbag.py:588} INFO - Filling up the DagBag from /opt/airflow/dags/dag_download.py
[2024-11-14T20:50:48.031+0000] {processor.py:925} INFO - DAG(s) 'Extract_data_into_Postgres' retrieved from /opt/airflow/dags/dag_download.py
[2024-11-14T20:50:48.056+0000] {logging_mixin.py:190} INFO - [2024-11-14T20:50:48.056+0000] {dag.py:3239} INFO - Sync 1 DAGs
[2024-11-14T20:50:48.069+0000] {logging_mixin.py:190} INFO - [2024-11-14T20:50:48.069+0000] {dag.py:4180} INFO - Setting next_dagrun for Extract_data_into_Postgres to None, run_after=None
[2024-11-14T20:50:48.094+0000] {processor.py:208} INFO - Processing /opt/airflow/dags/dag_download.py took 0.095 seconds
[2024-11-14T20:51:18.288+0000] {processor.py:186} INFO - Started process (PID=134) to work on /opt/airflow/dags/dag_download.py
[2024-11-14T20:51:18.289+0000] {processor.py:914} INFO - Processing file /opt/airflow/dags/dag_download.py for tasks to queue
[2024-11-14T20:51:18.291+0000] {logging_mixin.py:190} INFO - [2024-11-14T20:51:18.291+0000] {dagbag.py:588} INFO - Filling up the DagBag from /opt/airflow/dags/dag_download.py
[2024-11-14T20:51:18.320+0000] {processor.py:925} INFO - DAG(s) 'Extract_data_into_Postgres' retrieved from /opt/airflow/dags/dag_download.py
[2024-11-14T20:51:18.345+0000] {logging_mixin.py:190} INFO - [2024-11-14T20:51:18.345+0000] {dag.py:3239} INFO - Sync 1 DAGs
[2024-11-14T20:51:18.358+0000] {logging_mixin.py:190} INFO - [2024-11-14T20:51:18.358+0000] {dag.py:4180} INFO - Setting next_dagrun for Extract_data_into_Postgres to None, run_after=None
[2024-11-14T20:51:18.379+0000] {processor.py:208} INFO - Processing /opt/airflow/dags/dag_download.py took 0.097 seconds
[2024-11-14T20:51:48.564+0000] {processor.py:186} INFO - Started process (PID=142) to work on /opt/airflow/dags/dag_download.py
[2024-11-14T20:51:48.565+0000] {processor.py:914} INFO - Processing file /opt/airflow/dags/dag_download.py for tasks to queue
[2024-11-14T20:51:48.568+0000] {logging_mixin.py:190} INFO - [2024-11-14T20:51:48.567+0000] {dagbag.py:588} INFO - Filling up the DagBag from /opt/airflow/dags/dag_download.py
[2024-11-14T20:51:48.614+0000] {processor.py:925} INFO - DAG(s) 'Extract_data_into_Postgres' retrieved from /opt/airflow/dags/dag_download.py
[2024-11-14T20:51:48.652+0000] {logging_mixin.py:190} INFO - [2024-11-14T20:51:48.652+0000] {dag.py:3239} INFO - Sync 1 DAGs
[2024-11-14T20:51:48.667+0000] {logging_mixin.py:190} INFO - [2024-11-14T20:51:48.667+0000] {dag.py:4180} INFO - Setting next_dagrun for Extract_data_into_Postgres to None, run_after=None
[2024-11-14T20:51:48.688+0000] {processor.py:208} INFO - Processing /opt/airflow/dags/dag_download.py took 0.130 seconds
[2024-11-14T20:52:18.968+0000] {processor.py:186} INFO - Started process (PID=150) to work on /opt/airflow/dags/dag_download.py
[2024-11-14T20:52:18.969+0000] {processor.py:914} INFO - Processing file /opt/airflow/dags/dag_download.py for tasks to queue
[2024-11-14T20:52:18.971+0000] {logging_mixin.py:190} INFO - [2024-11-14T20:52:18.971+0000] {dagbag.py:588} INFO - Filling up the DagBag from /opt/airflow/dags/dag_download.py
[2024-11-14T20:52:19.011+0000] {processor.py:925} INFO - DAG(s) 'Extract_data_into_Postgres' retrieved from /opt/airflow/dags/dag_download.py
[2024-11-14T20:52:19.064+0000] {logging_mixin.py:190} INFO - [2024-11-14T20:52:19.064+0000] {dag.py:3239} INFO - Sync 1 DAGs
[2024-11-14T20:52:19.087+0000] {logging_mixin.py:190} INFO - [2024-11-14T20:52:19.087+0000] {dag.py:4180} INFO - Setting next_dagrun for Extract_data_into_Postgres to None, run_after=None
[2024-11-14T20:52:19.114+0000] {processor.py:208} INFO - Processing /opt/airflow/dags/dag_download.py took 0.152 seconds
[2024-11-14T20:52:49.497+0000] {processor.py:186} INFO - Started process (PID=158) to work on /opt/airflow/dags/dag_download.py
[2024-11-14T20:52:49.503+0000] {processor.py:914} INFO - Processing file /opt/airflow/dags/dag_download.py for tasks to queue
[2024-11-14T20:52:49.510+0000] {logging_mixin.py:190} INFO - [2024-11-14T20:52:49.510+0000] {dagbag.py:588} INFO - Filling up the DagBag from /opt/airflow/dags/dag_download.py
[2024-11-14T20:52:49.550+0000] {processor.py:925} INFO - DAG(s) 'Extract_data_into_Postgres' retrieved from /opt/airflow/dags/dag_download.py
[2024-11-14T20:52:49.577+0000] {logging_mixin.py:190} INFO - [2024-11-14T20:52:49.577+0000] {dag.py:3239} INFO - Sync 1 DAGs
[2024-11-14T20:52:49.590+0000] {logging_mixin.py:190} INFO - [2024-11-14T20:52:49.590+0000] {dag.py:4180} INFO - Setting next_dagrun for Extract_data_into_Postgres to None, run_after=None
[2024-11-14T20:52:49.607+0000] {processor.py:208} INFO - Processing /opt/airflow/dags/dag_download.py took 0.122 seconds
[2024-11-14T20:53:19.783+0000] {processor.py:186} INFO - Started process (PID=166) to work on /opt/airflow/dags/dag_download.py
[2024-11-14T20:53:19.784+0000] {processor.py:914} INFO - Processing file /opt/airflow/dags/dag_download.py for tasks to queue
[2024-11-14T20:53:19.787+0000] {logging_mixin.py:190} INFO - [2024-11-14T20:53:19.786+0000] {dagbag.py:588} INFO - Filling up the DagBag from /opt/airflow/dags/dag_download.py
[2024-11-14T20:53:19.821+0000] {processor.py:925} INFO - DAG(s) 'Extract_data_into_Postgres' retrieved from /opt/airflow/dags/dag_download.py
[2024-11-14T20:53:19.847+0000] {logging_mixin.py:190} INFO - [2024-11-14T20:53:19.847+0000] {dag.py:3239} INFO - Sync 1 DAGs
[2024-11-14T20:53:19.863+0000] {logging_mixin.py:190} INFO - [2024-11-14T20:53:19.863+0000] {dag.py:4180} INFO - Setting next_dagrun for Extract_data_into_Postgres to None, run_after=None
[2024-11-14T20:53:19.888+0000] {processor.py:208} INFO - Processing /opt/airflow/dags/dag_download.py took 0.110 seconds
[2024-11-14T20:53:50.114+0000] {processor.py:186} INFO - Started process (PID=174) to work on /opt/airflow/dags/dag_download.py
[2024-11-14T20:53:50.116+0000] {processor.py:914} INFO - Processing file /opt/airflow/dags/dag_download.py for tasks to queue
[2024-11-14T20:53:50.118+0000] {logging_mixin.py:190} INFO - [2024-11-14T20:53:50.118+0000] {dagbag.py:588} INFO - Filling up the DagBag from /opt/airflow/dags/dag_download.py
[2024-11-14T20:53:50.152+0000] {processor.py:925} INFO - DAG(s) 'Extract_data_into_Postgres' retrieved from /opt/airflow/dags/dag_download.py
[2024-11-14T20:53:50.183+0000] {logging_mixin.py:190} INFO - [2024-11-14T20:53:50.183+0000] {dag.py:3239} INFO - Sync 1 DAGs
[2024-11-14T20:53:50.198+0000] {logging_mixin.py:190} INFO - [2024-11-14T20:53:50.197+0000] {dag.py:4180} INFO - Setting next_dagrun for Extract_data_into_Postgres to None, run_after=None
[2024-11-14T20:53:50.222+0000] {processor.py:208} INFO - Processing /opt/airflow/dags/dag_download.py took 0.113 seconds
[2024-11-14T20:54:20.437+0000] {processor.py:186} INFO - Started process (PID=183) to work on /opt/airflow/dags/dag_download.py
[2024-11-14T20:54:20.439+0000] {processor.py:914} INFO - Processing file /opt/airflow/dags/dag_download.py for tasks to queue
[2024-11-14T20:54:20.445+0000] {logging_mixin.py:190} INFO - [2024-11-14T20:54:20.444+0000] {dagbag.py:588} INFO - Filling up the DagBag from /opt/airflow/dags/dag_download.py
[2024-11-14T20:54:20.510+0000] {processor.py:925} INFO - DAG(s) 'Extract_data_into_Postgres' retrieved from /opt/airflow/dags/dag_download.py
[2024-11-14T20:54:20.566+0000] {logging_mixin.py:190} INFO - [2024-11-14T20:54:20.566+0000] {dag.py:3239} INFO - Sync 1 DAGs
[2024-11-14T20:54:20.602+0000] {logging_mixin.py:190} INFO - [2024-11-14T20:54:20.601+0000] {dag.py:4180} INFO - Setting next_dagrun for Extract_data_into_Postgres to None, run_after=None
[2024-11-14T20:54:20.644+0000] {processor.py:208} INFO - Processing /opt/airflow/dags/dag_download.py took 0.216 seconds
[2024-11-14T20:54:50.907+0000] {processor.py:186} INFO - Started process (PID=196) to work on /opt/airflow/dags/dag_download.py
[2024-11-14T20:54:50.909+0000] {processor.py:914} INFO - Processing file /opt/airflow/dags/dag_download.py for tasks to queue
[2024-11-14T20:54:50.955+0000] {logging_mixin.py:190} INFO - [2024-11-14T20:54:50.913+0000] {dagbag.py:588} INFO - Filling up the DagBag from /opt/airflow/dags/dag_download.py
[2024-11-14T20:54:51.008+0000] {processor.py:925} INFO - DAG(s) 'Extract_data_into_Postgres' retrieved from /opt/airflow/dags/dag_download.py
[2024-11-14T20:54:51.043+0000] {logging_mixin.py:190} INFO - [2024-11-14T20:54:51.042+0000] {dag.py:3239} INFO - Sync 1 DAGs
[2024-11-14T20:54:51.064+0000] {logging_mixin.py:190} INFO - [2024-11-14T20:54:51.064+0000] {dag.py:4180} INFO - Setting next_dagrun for Extract_data_into_Postgres to None, run_after=None
[2024-11-14T20:54:51.089+0000] {processor.py:208} INFO - Processing /opt/airflow/dags/dag_download.py took 0.190 seconds
[2024-11-14T20:55:21.329+0000] {processor.py:186} INFO - Started process (PID=204) to work on /opt/airflow/dags/dag_download.py
[2024-11-14T20:55:21.330+0000] {processor.py:914} INFO - Processing file /opt/airflow/dags/dag_download.py for tasks to queue
[2024-11-14T20:55:21.333+0000] {logging_mixin.py:190} INFO - [2024-11-14T20:55:21.332+0000] {dagbag.py:588} INFO - Filling up the DagBag from /opt/airflow/dags/dag_download.py
[2024-11-14T20:55:21.367+0000] {processor.py:925} INFO - DAG(s) 'Extract_data_into_Postgres' retrieved from /opt/airflow/dags/dag_download.py
[2024-11-14T20:55:21.398+0000] {logging_mixin.py:190} INFO - [2024-11-14T20:55:21.397+0000] {dag.py:3239} INFO - Sync 1 DAGs
[2024-11-14T20:55:21.414+0000] {logging_mixin.py:190} INFO - [2024-11-14T20:55:21.414+0000] {dag.py:4180} INFO - Setting next_dagrun for Extract_data_into_Postgres to None, run_after=None
[2024-11-14T20:55:21.439+0000] {processor.py:208} INFO - Processing /opt/airflow/dags/dag_download.py took 0.117 seconds
[2024-11-14T20:55:51.873+0000] {processor.py:186} INFO - Started process (PID=212) to work on /opt/airflow/dags/dag_download.py
[2024-11-14T20:55:51.881+0000] {processor.py:914} INFO - Processing file /opt/airflow/dags/dag_download.py for tasks to queue
[2024-11-14T20:55:51.886+0000] {logging_mixin.py:190} INFO - [2024-11-14T20:55:51.885+0000] {dagbag.py:588} INFO - Filling up the DagBag from /opt/airflow/dags/dag_download.py
[2024-11-14T20:55:51.963+0000] {processor.py:925} INFO - DAG(s) 'Extract_data_into_Postgres' retrieved from /opt/airflow/dags/dag_download.py
[2024-11-14T20:55:52.002+0000] {logging_mixin.py:190} INFO - [2024-11-14T20:55:52.001+0000] {dag.py:3239} INFO - Sync 1 DAGs
[2024-11-14T20:55:52.022+0000] {logging_mixin.py:190} INFO - [2024-11-14T20:55:52.022+0000] {dag.py:4180} INFO - Setting next_dagrun for Extract_data_into_Postgres to None, run_after=None
[2024-11-14T20:55:52.049+0000] {processor.py:208} INFO - Processing /opt/airflow/dags/dag_download.py took 0.187 seconds
[2024-11-14T20:56:22.349+0000] {processor.py:186} INFO - Started process (PID=220) to work on /opt/airflow/dags/dag_download.py
[2024-11-14T20:56:22.350+0000] {processor.py:914} INFO - Processing file /opt/airflow/dags/dag_download.py for tasks to queue
[2024-11-14T20:56:22.352+0000] {logging_mixin.py:190} INFO - [2024-11-14T20:56:22.352+0000] {dagbag.py:588} INFO - Filling up the DagBag from /opt/airflow/dags/dag_download.py
[2024-11-14T20:56:22.395+0000] {processor.py:925} INFO - DAG(s) 'Extract_data_into_Postgres' retrieved from /opt/airflow/dags/dag_download.py
[2024-11-14T20:56:22.426+0000] {logging_mixin.py:190} INFO - [2024-11-14T20:56:22.425+0000] {dag.py:3239} INFO - Sync 1 DAGs
[2024-11-14T20:56:22.442+0000] {logging_mixin.py:190} INFO - [2024-11-14T20:56:22.441+0000] {dag.py:4180} INFO - Setting next_dagrun for Extract_data_into_Postgres to None, run_after=None
[2024-11-14T20:56:22.464+0000] {processor.py:208} INFO - Processing /opt/airflow/dags/dag_download.py took 0.123 seconds
[2024-11-14T20:56:52.747+0000] {processor.py:186} INFO - Started process (PID=229) to work on /opt/airflow/dags/dag_download.py
[2024-11-14T20:56:52.748+0000] {processor.py:914} INFO - Processing file /opt/airflow/dags/dag_download.py for tasks to queue
[2024-11-14T20:56:52.751+0000] {logging_mixin.py:190} INFO - [2024-11-14T20:56:52.750+0000] {dagbag.py:588} INFO - Filling up the DagBag from /opt/airflow/dags/dag_download.py
[2024-11-14T20:56:52.783+0000] {processor.py:925} INFO - DAG(s) 'Extract_data_into_Postgres' retrieved from /opt/airflow/dags/dag_download.py
[2024-11-14T20:56:52.814+0000] {logging_mixin.py:190} INFO - [2024-11-14T20:56:52.813+0000] {dag.py:3239} INFO - Sync 1 DAGs
[2024-11-14T20:56:52.841+0000] {logging_mixin.py:190} INFO - [2024-11-14T20:56:52.840+0000] {dag.py:4180} INFO - Setting next_dagrun for Extract_data_into_Postgres to None, run_after=None
[2024-11-14T20:56:52.891+0000] {processor.py:208} INFO - Processing /opt/airflow/dags/dag_download.py took 0.150 seconds
[2024-11-14T20:57:23.216+0000] {processor.py:186} INFO - Started process (PID=237) to work on /opt/airflow/dags/dag_download.py
[2024-11-14T20:57:23.217+0000] {processor.py:914} INFO - Processing file /opt/airflow/dags/dag_download.py for tasks to queue
[2024-11-14T20:57:23.220+0000] {logging_mixin.py:190} INFO - [2024-11-14T20:57:23.220+0000] {dagbag.py:588} INFO - Filling up the DagBag from /opt/airflow/dags/dag_download.py
[2024-11-14T20:57:23.248+0000] {processor.py:925} INFO - DAG(s) 'Extract_data_into_Postgres' retrieved from /opt/airflow/dags/dag_download.py
[2024-11-14T20:57:23.273+0000] {logging_mixin.py:190} INFO - [2024-11-14T20:57:23.273+0000] {dag.py:3239} INFO - Sync 1 DAGs
[2024-11-14T20:57:23.288+0000] {logging_mixin.py:190} INFO - [2024-11-14T20:57:23.287+0000] {dag.py:4180} INFO - Setting next_dagrun for Extract_data_into_Postgres to None, run_after=None
[2024-11-14T20:57:23.314+0000] {processor.py:208} INFO - Processing /opt/airflow/dags/dag_download.py took 0.104 seconds
[2024-11-14T20:57:53.578+0000] {processor.py:186} INFO - Started process (PID=245) to work on /opt/airflow/dags/dag_download.py
[2024-11-14T20:57:53.580+0000] {processor.py:914} INFO - Processing file /opt/airflow/dags/dag_download.py for tasks to queue
[2024-11-14T20:57:53.584+0000] {logging_mixin.py:190} INFO - [2024-11-14T20:57:53.584+0000] {dagbag.py:588} INFO - Filling up the DagBag from /opt/airflow/dags/dag_download.py
[2024-11-14T20:57:53.631+0000] {processor.py:925} INFO - DAG(s) 'Extract_data_into_Postgres' retrieved from /opt/airflow/dags/dag_download.py
[2024-11-14T20:57:53.664+0000] {logging_mixin.py:190} INFO - [2024-11-14T20:57:53.664+0000] {dag.py:3239} INFO - Sync 1 DAGs
[2024-11-14T20:57:53.685+0000] {logging_mixin.py:190} INFO - [2024-11-14T20:57:53.685+0000] {dag.py:4180} INFO - Setting next_dagrun for Extract_data_into_Postgres to None, run_after=None
[2024-11-14T20:57:53.721+0000] {processor.py:208} INFO - Processing /opt/airflow/dags/dag_download.py took 0.149 seconds
[2024-11-14T20:58:23.890+0000] {processor.py:186} INFO - Started process (PID=253) to work on /opt/airflow/dags/dag_download.py
[2024-11-14T20:58:23.891+0000] {processor.py:914} INFO - Processing file /opt/airflow/dags/dag_download.py for tasks to queue
[2024-11-14T20:58:23.894+0000] {logging_mixin.py:190} INFO - [2024-11-14T20:58:23.893+0000] {dagbag.py:588} INFO - Filling up the DagBag from /opt/airflow/dags/dag_download.py
[2024-11-14T20:58:23.924+0000] {processor.py:925} INFO - DAG(s) 'Extract_data_into_Postgres' retrieved from /opt/airflow/dags/dag_download.py
[2024-11-14T20:58:23.953+0000] {logging_mixin.py:190} INFO - [2024-11-14T20:58:23.953+0000] {dag.py:3239} INFO - Sync 1 DAGs
[2024-11-14T20:58:23.968+0000] {logging_mixin.py:190} INFO - [2024-11-14T20:58:23.968+0000] {dag.py:4180} INFO - Setting next_dagrun for Extract_data_into_Postgres to None, run_after=None
[2024-11-14T20:58:23.992+0000] {processor.py:208} INFO - Processing /opt/airflow/dags/dag_download.py took 0.108 seconds
[2024-11-14T20:58:54.221+0000] {processor.py:186} INFO - Started process (PID=261) to work on /opt/airflow/dags/dag_download.py
[2024-11-14T20:58:54.222+0000] {processor.py:914} INFO - Processing file /opt/airflow/dags/dag_download.py for tasks to queue
[2024-11-14T20:58:54.227+0000] {logging_mixin.py:190} INFO - [2024-11-14T20:58:54.227+0000] {dagbag.py:588} INFO - Filling up the DagBag from /opt/airflow/dags/dag_download.py
[2024-11-14T20:58:54.267+0000] {processor.py:925} INFO - DAG(s) 'Extract_data_into_Postgres' retrieved from /opt/airflow/dags/dag_download.py
[2024-11-14T20:58:54.298+0000] {logging_mixin.py:190} INFO - [2024-11-14T20:58:54.298+0000] {dag.py:3239} INFO - Sync 1 DAGs
[2024-11-14T20:58:54.315+0000] {logging_mixin.py:190} INFO - [2024-11-14T20:58:54.315+0000] {dag.py:4180} INFO - Setting next_dagrun for Extract_data_into_Postgres to None, run_after=None
[2024-11-14T20:58:54.347+0000] {processor.py:208} INFO - Processing /opt/airflow/dags/dag_download.py took 0.135 seconds
[2024-11-14T20:59:24.627+0000] {processor.py:186} INFO - Started process (PID=274) to work on /opt/airflow/dags/dag_download.py
[2024-11-14T20:59:24.628+0000] {processor.py:914} INFO - Processing file /opt/airflow/dags/dag_download.py for tasks to queue
[2024-11-14T20:59:24.631+0000] {logging_mixin.py:190} INFO - [2024-11-14T20:59:24.631+0000] {dagbag.py:588} INFO - Filling up the DagBag from /opt/airflow/dags/dag_download.py
[2024-11-14T20:59:24.662+0000] {processor.py:925} INFO - DAG(s) 'Extract_data_into_Postgres' retrieved from /opt/airflow/dags/dag_download.py
[2024-11-14T20:59:24.691+0000] {logging_mixin.py:190} INFO - [2024-11-14T20:59:24.691+0000] {dag.py:3239} INFO - Sync 1 DAGs
[2024-11-14T20:59:24.709+0000] {logging_mixin.py:190} INFO - [2024-11-14T20:59:24.709+0000] {dag.py:4180} INFO - Setting next_dagrun for Extract_data_into_Postgres to None, run_after=None
[2024-11-14T20:59:24.732+0000] {processor.py:208} INFO - Processing /opt/airflow/dags/dag_download.py took 0.119 seconds
[2024-11-14T20:59:54.983+0000] {processor.py:186} INFO - Started process (PID=282) to work on /opt/airflow/dags/dag_download.py
[2024-11-14T20:59:54.985+0000] {processor.py:914} INFO - Processing file /opt/airflow/dags/dag_download.py for tasks to queue
[2024-11-14T20:59:54.988+0000] {logging_mixin.py:190} INFO - [2024-11-14T20:59:54.988+0000] {dagbag.py:588} INFO - Filling up the DagBag from /opt/airflow/dags/dag_download.py
[2024-11-14T20:59:55.053+0000] {processor.py:925} INFO - DAG(s) 'Extract_data_into_Postgres' retrieved from /opt/airflow/dags/dag_download.py
[2024-11-14T20:59:55.117+0000] {logging_mixin.py:190} INFO - [2024-11-14T20:59:55.116+0000] {dag.py:3239} INFO - Sync 1 DAGs
[2024-11-14T20:59:55.144+0000] {logging_mixin.py:190} INFO - [2024-11-14T20:59:55.143+0000] {dag.py:4180} INFO - Setting next_dagrun for Extract_data_into_Postgres to None, run_after=None
[2024-11-14T20:59:55.169+0000] {processor.py:208} INFO - Processing /opt/airflow/dags/dag_download.py took 0.194 seconds
[2024-11-14T21:00:25.441+0000] {processor.py:186} INFO - Started process (PID=289) to work on /opt/airflow/dags/dag_download.py
[2024-11-14T21:00:25.443+0000] {processor.py:914} INFO - Processing file /opt/airflow/dags/dag_download.py for tasks to queue
[2024-11-14T21:00:25.447+0000] {logging_mixin.py:190} INFO - [2024-11-14T21:00:25.446+0000] {dagbag.py:588} INFO - Filling up the DagBag from /opt/airflow/dags/dag_download.py
[2024-11-14T21:00:25.541+0000] {processor.py:925} INFO - DAG(s) 'Extract_data_into_Postgres' retrieved from /opt/airflow/dags/dag_download.py
[2024-11-14T21:00:25.592+0000] {logging_mixin.py:190} INFO - [2024-11-14T21:00:25.592+0000] {dag.py:3239} INFO - Sync 1 DAGs
[2024-11-14T21:00:25.615+0000] {logging_mixin.py:190} INFO - [2024-11-14T21:00:25.615+0000] {dag.py:4180} INFO - Setting next_dagrun for Extract_data_into_Postgres to None, run_after=None
[2024-11-14T21:00:25.654+0000] {processor.py:208} INFO - Processing /opt/airflow/dags/dag_download.py took 0.225 seconds
[2024-11-14T21:00:55.939+0000] {processor.py:186} INFO - Started process (PID=297) to work on /opt/airflow/dags/dag_download.py
[2024-11-14T21:00:55.941+0000] {processor.py:914} INFO - Processing file /opt/airflow/dags/dag_download.py for tasks to queue
[2024-11-14T21:00:55.954+0000] {logging_mixin.py:190} INFO - [2024-11-14T21:00:55.951+0000] {dagbag.py:588} INFO - Filling up the DagBag from /opt/airflow/dags/dag_download.py
[2024-11-14T21:00:56.030+0000] {processor.py:925} INFO - DAG(s) 'Extract_data_into_Postgres' retrieved from /opt/airflow/dags/dag_download.py
[2024-11-14T21:00:56.067+0000] {logging_mixin.py:190} INFO - [2024-11-14T21:00:56.066+0000] {dag.py:3239} INFO - Sync 1 DAGs
[2024-11-14T21:00:56.091+0000] {logging_mixin.py:190} INFO - [2024-11-14T21:00:56.091+0000] {dag.py:4180} INFO - Setting next_dagrun for Extract_data_into_Postgres to None, run_after=None
[2024-11-14T21:00:56.128+0000] {processor.py:208} INFO - Processing /opt/airflow/dags/dag_download.py took 0.196 seconds
[2024-11-14T21:01:26.265+0000] {processor.py:186} INFO - Started process (PID=305) to work on /opt/airflow/dags/dag_download.py
[2024-11-14T21:01:26.266+0000] {processor.py:914} INFO - Processing file /opt/airflow/dags/dag_download.py for tasks to queue
[2024-11-14T21:01:26.271+0000] {logging_mixin.py:190} INFO - [2024-11-14T21:01:26.271+0000] {dagbag.py:588} INFO - Filling up the DagBag from /opt/airflow/dags/dag_download.py
[2024-11-14T21:01:26.319+0000] {processor.py:925} INFO - DAG(s) 'Extract_data_into_Postgres' retrieved from /opt/airflow/dags/dag_download.py
[2024-11-14T21:01:26.350+0000] {logging_mixin.py:190} INFO - [2024-11-14T21:01:26.350+0000] {dag.py:3239} INFO - Sync 1 DAGs
[2024-11-14T21:01:26.367+0000] {logging_mixin.py:190} INFO - [2024-11-14T21:01:26.367+0000] {dag.py:4180} INFO - Setting next_dagrun for Extract_data_into_Postgres to None, run_after=None
[2024-11-14T21:01:26.390+0000] {processor.py:208} INFO - Processing /opt/airflow/dags/dag_download.py took 0.134 seconds
[2024-11-14T21:01:56.612+0000] {processor.py:186} INFO - Started process (PID=313) to work on /opt/airflow/dags/dag_download.py
[2024-11-14T21:01:56.614+0000] {processor.py:914} INFO - Processing file /opt/airflow/dags/dag_download.py for tasks to queue
[2024-11-14T21:01:56.616+0000] {logging_mixin.py:190} INFO - [2024-11-14T21:01:56.616+0000] {dagbag.py:588} INFO - Filling up the DagBag from /opt/airflow/dags/dag_download.py
[2024-11-14T21:01:56.651+0000] {processor.py:925} INFO - DAG(s) 'Extract_data_into_Postgres' retrieved from /opt/airflow/dags/dag_download.py
[2024-11-14T21:01:56.688+0000] {logging_mixin.py:190} INFO - [2024-11-14T21:01:56.688+0000] {dag.py:3239} INFO - Sync 1 DAGs
[2024-11-14T21:01:56.702+0000] {logging_mixin.py:190} INFO - [2024-11-14T21:01:56.702+0000] {dag.py:4180} INFO - Setting next_dagrun for Extract_data_into_Postgres to None, run_after=None
[2024-11-14T21:01:56.722+0000] {processor.py:208} INFO - Processing /opt/airflow/dags/dag_download.py took 0.116 seconds
