[2024-11-14T20:47:52.749+0000] {local_task_job_runner.py:123} INFO - ::group::Pre task execution logs
[2024-11-14T20:47:52.779+0000] {taskinstance.py:2612} INFO - Dependencies all met for dep_context=non-requeueable deps ti=<TaskInstance: Extract_data_into_Postgres.bash_task_tar manual__2024-11-14T20:47:44.361252+00:00 [queued]>
[2024-11-14T20:47:52.792+0000] {taskinstance.py:2612} INFO - Dependencies all met for dep_context=requeueable deps ti=<TaskInstance: Extract_data_into_Postgres.bash_task_tar manual__2024-11-14T20:47:44.361252+00:00 [queued]>
[2024-11-14T20:47:52.792+0000] {taskinstance.py:2865} INFO - Starting attempt 1 of 3
[2024-11-14T20:47:52.819+0000] {taskinstance.py:2888} INFO - Executing <Task(BashOperator): bash_task_tar> on 2024-11-14 20:47:44.361252+00:00
[2024-11-14T20:47:52.829+0000] {warnings.py:112} WARNING - /home/***/.local/lib/python3.12/site-packages/***/task/task_runner/standard_task_runner.py:70: DeprecationWarning: This process (pid=78) is multi-threaded, use of fork() may lead to deadlocks in the child.
  pid = os.fork()

[2024-11-14T20:47:52.832+0000] {standard_task_runner.py:72} INFO - Started process 80 to run task
[2024-11-14T20:47:52.832+0000] {standard_task_runner.py:104} INFO - Running: ['***', 'tasks', 'run', 'Extract_data_into_Postgres', 'bash_task_tar', 'manual__2024-11-14T20:47:44.361252+00:00', '--job-id', '4', '--raw', '--subdir', 'DAGS_FOLDER/dag_download.py', '--cfg-path', '/tmp/tmp41ey3z1n']
[2024-11-14T20:47:52.835+0000] {standard_task_runner.py:105} INFO - Job 4: Subtask bash_task_tar
[2024-11-14T20:47:52.909+0000] {task_command.py:467} INFO - Running <TaskInstance: Extract_data_into_Postgres.bash_task_tar manual__2024-11-14T20:47:44.361252+00:00 [running]> on host 5a0a8dfc4e16
[2024-11-14T20:47:53.022+0000] {taskinstance.py:3131} INFO - Exporting env vars: AIRFLOW_CTX_DAG_OWNER='ProjectIE' AIRFLOW_CTX_DAG_ID='Extract_data_into_Postgres' AIRFLOW_CTX_TASK_ID='bash_task_tar' AIRFLOW_CTX_EXECUTION_DATE='2024-11-14T20:47:44.361252+00:00' AIRFLOW_CTX_TRY_NUMBER='1' AIRFLOW_CTX_DAG_RUN_ID='manual__2024-11-14T20:47:44.361252+00:00'
[2024-11-14T20:47:53.024+0000] {taskinstance.py:731} INFO - ::endgroup::
[2024-11-14T20:47:53.027+0000] {subprocess.py:63} INFO - Tmp dir root location: /tmp
[2024-11-14T20:47:53.027+0000] {subprocess.py:75} INFO - Running command: ['/usr/bin/bash', '-c', 'unzip archive.zip']
[2024-11-14T20:47:53.043+0000] {subprocess.py:86} INFO - Output:
[2024-11-14T20:47:53.047+0000] {subprocess.py:93} INFO - Archive:  archive.zip
[2024-11-14T20:47:53.151+0000] {subprocess.py:93} INFO -   inflating: Clean_Dataset.csv
[2024-11-14T20:47:53.190+0000] {subprocess.py:93} INFO -   inflating: business.csv
[2024-11-14T20:47:53.293+0000] {subprocess.py:93} INFO -   inflating: economy.csv
[2024-11-14T20:47:53.294+0000] {subprocess.py:97} INFO - Command exited with return code 0
[2024-11-14T20:47:53.337+0000] {taskinstance.py:340} INFO - ::group::Post task execution logs
[2024-11-14T20:47:53.338+0000] {taskinstance.py:352} INFO - Marking task as SUCCESS. dag_id=Extract_data_into_Postgres, task_id=bash_task_tar, run_id=manual__2024-11-14T20:47:44.361252+00:00, execution_date=20241114T204744, start_date=20241114T204752, end_date=20241114T204753
[2024-11-14T20:47:53.373+0000] {local_task_job_runner.py:266} INFO - Task exited with return code 0
[2024-11-14T20:47:53.385+0000] {warnings.py:112} WARNING - /home/***/.local/lib/python3.12/site-packages/***/models/baseoperator.py:1378: AirflowProviderDeprecationWarning: Call to deprecated class PostgresOperator. (Please use `***.providers.common.sql.operators.sql.SQLExecuteQueryOperator`.Also, you can provide `hook_params={'schema': <database>}`.)
  result = cls.__new__(cls)

[2024-11-14T20:47:53.415+0000] {taskinstance.py:3900} INFO - 3 downstream tasks scheduled from follow-on schedule check
[2024-11-14T20:47:53.418+0000] {local_task_job_runner.py:245} INFO - ::endgroup::
