[2024-11-14T20:25:37.256+0000] {manager.py:483} INFO - Processing files using up to 2 processes at a time 
[2024-11-14T20:25:37.257+0000] {manager.py:484} INFO - Process each file at most once every 30 seconds
[2024-11-14T20:25:37.258+0000] {manager.py:485} INFO - Checking for new files in /opt/airflow/dags every 300 seconds
[2024-11-14T20:25:37.259+0000] {manager.py:821} INFO - Searching for files in /opt/airflow/dags
[2024-11-14T20:25:37.422+0000] {manager.py:824} INFO - There are 2 files in /opt/airflow/dags
[2024-11-14T20:25:38.295+0000] {manager.py:997} INFO - 
================================================================================
DAG File Processing Stats

File Path                            PID  Runtime      # DAGs    # Errors  Last Runtime    Last Run      Last # of DB Queries
---------------------------------  -----  ---------  --------  ----------  --------------  ----------  ----------------------
/opt/airflow/dags/dag_download.py     68  0.24s             0           0                                                   0
/opt/airflow/dags/dag_ETL.py          67  0.27s             0           0                                                   0
================================================================================
[2024-11-14T20:26:08.895+0000] {manager.py:997} INFO - 
================================================================================
DAG File Processing Stats

File Path                            PID  Runtime      # DAGs    # Errors  Last Runtime    Last Run               Last # of DB Queries
---------------------------------  -----  ---------  --------  ----------  --------------  -------------------  ----------------------
/opt/airflow/dags/dag_ETL.py          75  0.04s             0           1  0.54s           2024-11-14T20:25:38                       3
/opt/airflow/dags/dag_download.py     76  0.01s             0           1  0.53s           2024-11-14T20:25:38                       3
================================================================================
[2024-11-14T20:26:39.307+0000] {manager.py:997} INFO - 
================================================================================
DAG File Processing Stats

File Path                            PID  Runtime      # DAGs    # Errors  Last Runtime    Last Run               Last # of DB Queries
---------------------------------  -----  ---------  --------  ----------  --------------  -------------------  ----------------------
/opt/airflow/dags/dag_ETL.py          83  0.02s             0           1  0.15s           2024-11-14T20:26:08                       5
/opt/airflow/dags/dag_download.py     84  0.01s             0           1  0.14s           2024-11-14T20:26:09                       5
================================================================================
[2024-11-14T20:27:09.582+0000] {manager.py:997} INFO - 
================================================================================
DAG File Processing Stats

File Path                            PID  Runtime      # DAGs    # Errors  Last Runtime    Last Run               Last # of DB Queries
---------------------------------  -----  ---------  --------  ----------  --------------  -------------------  ----------------------
/opt/airflow/dags/dag_ETL.py          90  0.03s             0           1  0.11s           2024-11-14T20:26:39                       5
/opt/airflow/dags/dag_download.py     91  0.00s             0           1  0.11s           2024-11-14T20:26:39                       5
================================================================================
[2024-11-14T20:27:39.930+0000] {manager.py:997} INFO - 
================================================================================
DAG File Processing Stats

File Path                            PID  Runtime      # DAGs    # Errors  Last Runtime    Last Run               Last # of DB Queries
---------------------------------  -----  ---------  --------  ----------  --------------  -------------------  ----------------------
/opt/airflow/dags/dag_ETL.py                                0           1  0.08s           2024-11-14T20:27:29                       5
/opt/airflow/dags/dag_download.py    100  0.00s             0           1  0.07s           2024-11-14T20:27:09                       5
================================================================================
[2024-11-14T20:28:10.313+0000] {manager.py:997} INFO - 
================================================================================
DAG File Processing Stats

File Path                            PID  Runtime      # DAGs    # Errors  Last Runtime    Last Run               Last # of DB Queries
---------------------------------  -----  ---------  --------  ----------  --------------  -------------------  ----------------------
/opt/airflow/dags/dag_download.py    109  0.01s             0           1  0.07s           2024-11-14T20:27:39                       5
/opt/airflow/dags/dag_ETL.py                                0           1  0.06s           2024-11-14T20:28:07                       5
================================================================================
[2024-11-14T20:28:40.721+0000] {manager.py:997} INFO - 
================================================================================
DAG File Processing Stats

File Path                          PID    Runtime      # DAGs    # Errors  Last Runtime    Last Run               Last # of DB Queries
---------------------------------  -----  ---------  --------  ----------  --------------  -------------------  ----------------------
/opt/airflow/dags/dag_download.py                           0           1  0.09s           2024-11-14T20:28:16                       5
/opt/airflow/dags/dag_ETL.py                                0           1  0.07s           2024-11-14T20:28:37                       5
================================================================================
[2024-11-14T20:29:11.409+0000] {manager.py:997} INFO - 
================================================================================
DAG File Processing Stats

File Path                          PID    Runtime      # DAGs    # Errors  Last Runtime    Last Run               Last # of DB Queries
---------------------------------  -----  ---------  --------  ----------  --------------  -------------------  ----------------------
/opt/airflow/dags/dag_download.py                           0           1  0.08s           2024-11-14T20:28:46                       5
/opt/airflow/dags/dag_ETL.py                                0           1  0.06s           2024-11-14T20:29:08                       5
================================================================================
[2024-11-14T20:29:41.699+0000] {manager.py:997} INFO - 
================================================================================
DAG File Processing Stats

File Path                          PID    Runtime      # DAGs    # Errors  Last Runtime    Last Run               Last # of DB Queries
---------------------------------  -----  ---------  --------  ----------  --------------  -------------------  ----------------------
/opt/airflow/dags/dag_download.py                           0           1  0.10s           2024-11-14T20:29:17                       5
/opt/airflow/dags/dag_ETL.py                                0           1  0.07s           2024-11-14T20:29:38                       5
================================================================================
[2024-11-14T20:30:12.208+0000] {manager.py:997} INFO - 
================================================================================
DAG File Processing Stats

File Path                          PID    Runtime      # DAGs    # Errors  Last Runtime    Last Run               Last # of DB Queries
---------------------------------  -----  ---------  --------  ----------  --------------  -------------------  ----------------------
/opt/airflow/dags/dag_ETL.py                                0           1  0.14s           2024-11-14T20:30:06                       5
/opt/airflow/dags/dag_download.py                           0           1  0.07s           2024-11-14T20:29:52                       5
================================================================================
[2024-11-14T20:30:37.692+0000] {manager.py:821} INFO - Searching for files in /opt/airflow/dags
[2024-11-14T20:30:37.775+0000] {manager.py:824} INFO - There are 2 files in /opt/airflow/dags
[2024-11-14T20:30:42.832+0000] {manager.py:997} INFO - 
================================================================================
DAG File Processing Stats

File Path                          PID    Runtime      # DAGs    # Errors  Last Runtime    Last Run               Last # of DB Queries
---------------------------------  -----  ---------  --------  ----------  --------------  -------------------  ----------------------
/opt/airflow/dags/dag_ETL.py                                0           1  0.16s           2024-11-14T20:30:17                       5
/opt/airflow/dags/dag_download.py                           0           1  0.13s           2024-11-14T20:30:18                       5
================================================================================
[2024-11-14T20:31:13.451+0000] {manager.py:997} INFO - 
================================================================================
DAG File Processing Stats

File Path                          PID    Runtime      # DAGs    # Errors  Last Runtime    Last Run               Last # of DB Queries
---------------------------------  -----  ---------  --------  ----------  --------------  -------------------  ----------------------
/opt/airflow/dags/dag_download.py                           0           1  0.09s           2024-11-14T20:31:06                       5
/opt/airflow/dags/dag_ETL.py                                0           1  0.08s           2024-11-14T20:30:47                       5
================================================================================
[2024-11-14T20:31:43.930+0000] {manager.py:997} INFO - 
================================================================================
DAG File Processing Stats

File Path                          PID    Runtime      # DAGs    # Errors  Last Runtime    Last Run               Last # of DB Queries
---------------------------------  -----  ---------  --------  ----------  --------------  -------------------  ----------------------
/opt/airflow/dags/dag_download.py                           0           1  0.30s           2024-11-14T20:31:37                       5
/opt/airflow/dags/dag_ETL.py                                0           1  0.11s           2024-11-14T20:31:35                       5
================================================================================
[2024-11-14T20:32:14.270+0000] {manager.py:997} INFO - 
================================================================================
DAG File Processing Stats

File Path                          PID    Runtime      # DAGs    # Errors  Last Runtime    Last Run               Last # of DB Queries
---------------------------------  -----  ---------  --------  ----------  --------------  -------------------  ----------------------
/opt/airflow/dags/dag_download.py                           0           1  0.10s           2024-11-14T20:32:07                       5
/opt/airflow/dags/dag_ETL.py                                0           1  0.08s           2024-11-14T20:32:06                       5
================================================================================
[2024-11-14T20:32:44.597+0000] {manager.py:997} INFO - 
================================================================================
DAG File Processing Stats

File Path                          PID    Runtime      # DAGs    # Errors  Last Runtime    Last Run               Last # of DB Queries
---------------------------------  -----  ---------  --------  ----------  --------------  -------------------  ----------------------
/opt/airflow/dags/dag_download.py                           0           1  0.09s           2024-11-14T20:32:37                       5
/opt/airflow/dags/dag_ETL.py                                0           1  0.08s           2024-11-14T20:32:36                       5
================================================================================
[2024-11-14T20:33:14.964+0000] {manager.py:997} INFO - 
================================================================================
DAG File Processing Stats

File Path                          PID    Runtime      # DAGs    # Errors  Last Runtime    Last Run               Last # of DB Queries
---------------------------------  -----  ---------  --------  ----------  --------------  -------------------  ----------------------
/opt/airflow/dags/dag_download.py                           0           1  0.12s           2024-11-14T20:33:07                       5
/opt/airflow/dags/dag_ETL.py                                0           1  0.08s           2024-11-14T20:33:06                       5
================================================================================
[2024-11-14T20:33:45.325+0000] {manager.py:997} INFO - 
================================================================================
DAG File Processing Stats

File Path                          PID    Runtime      # DAGs    # Errors  Last Runtime    Last Run               Last # of DB Queries
---------------------------------  -----  ---------  --------  ----------  --------------  -------------------  ----------------------
/opt/airflow/dags/dag_ETL.py                                0           1  0.09s           2024-11-14T20:33:30                       5
/opt/airflow/dags/dag_download.py                           0           1  0.07s           2024-11-14T20:33:38                       5
================================================================================
[2024-11-14T20:34:15.687+0000] {manager.py:997} INFO - 
================================================================================
DAG File Processing Stats

File Path                          PID    Runtime      # DAGs    # Errors  Last Runtime    Last Run               Last # of DB Queries
---------------------------------  -----  ---------  --------  ----------  --------------  -------------------  ----------------------
/opt/airflow/dags/dag_download.py                           0           1  0.09s           2024-11-14T20:33:50                       5
/opt/airflow/dags/dag_ETL.py                                0           1  0.08s           2024-11-14T20:34:00                       5
================================================================================
[2024-11-14T20:34:46.040+0000] {manager.py:997} INFO - 
================================================================================
DAG File Processing Stats

File Path                          PID    Runtime      # DAGs    # Errors  Last Runtime    Last Run               Last # of DB Queries
---------------------------------  -----  ---------  --------  ----------  --------------  -------------------  ----------------------
/opt/airflow/dags/dag_download.py                           1           0  0.33s           2024-11-14T20:34:44                      43
/opt/airflow/dags/dag_ETL.py                                0           1  0.07s           2024-11-14T20:34:30                       5
================================================================================
[2024-11-14T20:35:16.646+0000] {manager.py:997} INFO - 
================================================================================
DAG File Processing Stats

File Path                          PID    Runtime      # DAGs    # Errors  Last Runtime    Last Run               Last # of DB Queries
---------------------------------  -----  ---------  --------  ----------  --------------  -------------------  ----------------------
/opt/airflow/dags/dag_ETL.py                                1           0  0.12s           2024-11-14T20:34:57                       9
/opt/airflow/dags/dag_download.py                           1           0  0.12s           2024-11-14T20:35:14                      10
================================================================================
[2024-11-14T20:35:37.900+0000] {manager.py:821} INFO - Searching for files in /opt/airflow/dags
[2024-11-14T20:35:37.930+0000] {manager.py:824} INFO - There are 2 files in /opt/airflow/dags
[2024-11-14T20:35:47.037+0000] {manager.py:997} INFO - 
================================================================================
DAG File Processing Stats

File Path                          PID    Runtime      # DAGs    # Errors  Last Runtime    Last Run               Last # of DB Queries
---------------------------------  -----  ---------  --------  ----------  --------------  -------------------  ----------------------
/opt/airflow/dags/dag_download.py                           1           0  0.12s           2024-11-14T20:35:45                      10
/opt/airflow/dags/dag_ETL.py                                1           0  0.12s           2024-11-14T20:35:27                      10
================================================================================
[2024-11-14T20:36:17.433+0000] {manager.py:997} INFO - 
================================================================================
DAG File Processing Stats

File Path                          PID    Runtime      # DAGs    # Errors  Last Runtime    Last Run               Last # of DB Queries
---------------------------------  -----  ---------  --------  ----------  --------------  -------------------  ----------------------
/opt/airflow/dags/dag_ETL.py                                1           0  0.18s           2024-11-14T20:35:58                      10
/opt/airflow/dags/dag_download.py                           1           0  0.14s           2024-11-14T20:36:15                      10
================================================================================
[2024-11-14T20:36:47.828+0000] {manager.py:997} INFO - 
================================================================================
DAG File Processing Stats

File Path                          PID    Runtime      # DAGs    # Errors  Last Runtime    Last Run               Last # of DB Queries
---------------------------------  -----  ---------  --------  ----------  --------------  -------------------  ----------------------
/opt/airflow/dags/dag_ETL.py                                1           0  0.14s           2024-11-14T20:36:28                      10
/opt/airflow/dags/dag_download.py                           1           0  0.13s           2024-11-14T20:36:45                      10
================================================================================
[2024-11-14T20:37:18.216+0000] {manager.py:997} INFO - 
================================================================================
DAG File Processing Stats

File Path                          PID    Runtime      # DAGs    # Errors  Last Runtime    Last Run               Last # of DB Queries
---------------------------------  -----  ---------  --------  ----------  --------------  -------------------  ----------------------
/opt/airflow/dags/dag_download.py                           1           0  0.28s           2024-11-14T20:37:16                      10
/opt/airflow/dags/dag_ETL.py                                1           0  0.11s           2024-11-14T20:36:59                      10
================================================================================
[2024-11-14T20:37:48.489+0000] {manager.py:997} INFO - 
================================================================================
DAG File Processing Stats

File Path                          PID    Runtime      # DAGs    # Errors  Last Runtime    Last Run               Last # of DB Queries
---------------------------------  -----  ---------  --------  ----------  --------------  -------------------  ----------------------
/opt/airflow/dags/dag_ETL.py                                1           0  0.16s           2024-11-14T20:37:29                      10
/opt/airflow/dags/dag_download.py                           1           0  0.13s           2024-11-14T20:37:46                      10
================================================================================
[2024-11-14T20:38:19.292+0000] {manager.py:997} INFO - 
================================================================================
DAG File Processing Stats

File Path                          PID    Runtime      # DAGs    # Errors  Last Runtime    Last Run               Last # of DB Queries
---------------------------------  -----  ---------  --------  ----------  --------------  -------------------  ----------------------
/opt/airflow/dags/dag_download.py                           1           0  0.21s           2024-11-14T20:38:08                       9
/opt/airflow/dags/dag_ETL.py                                1           0  0.19s           2024-11-14T20:37:59                      10
================================================================================
[2024-11-14T20:38:49.753+0000] {manager.py:997} INFO - 
================================================================================
DAG File Processing Stats

File Path                          PID    Runtime      # DAGs    # Errors  Last Runtime    Last Run               Last # of DB Queries
---------------------------------  -----  ---------  --------  ----------  --------------  -------------------  ----------------------
/opt/airflow/dags/dag_download.py                           1           0  0.20s           2024-11-14T20:38:38                      32
/opt/airflow/dags/dag_ETL.py                                1           0  0.11s           2024-11-14T20:38:30                      10
================================================================================
[2024-11-14T20:39:20.323+0000] {manager.py:997} INFO - 
================================================================================
DAG File Processing Stats

File Path                          PID    Runtime      # DAGs    # Errors  Last Runtime    Last Run               Last # of DB Queries
---------------------------------  -----  ---------  --------  ----------  --------------  -------------------  ----------------------
/opt/airflow/dags/dag_ETL.py                                1           0  0.22s           2024-11-14T20:39:01                      10
/opt/airflow/dags/dag_download.py                           1           0  0.20s           2024-11-14T20:39:09                      10
================================================================================
[2024-11-14T20:39:50.717+0000] {manager.py:997} INFO - 
================================================================================
DAG File Processing Stats

File Path                          PID    Runtime      # DAGs    # Errors  Last Runtime    Last Run               Last # of DB Queries
---------------------------------  -----  ---------  --------  ----------  --------------  -------------------  ----------------------
/opt/airflow/dags/dag_download.py                           1           0  0.14s           2024-11-14T20:39:39                      10
/opt/airflow/dags/dag_ETL.py                                1           0  0.13s           2024-11-14T20:39:31                      10
================================================================================
[2024-11-14T20:40:21.119+0000] {manager.py:997} INFO - 
================================================================================
DAG File Processing Stats

File Path                          PID    Runtime      # DAGs    # Errors  Last Runtime    Last Run               Last # of DB Queries
---------------------------------  -----  ---------  --------  ----------  --------------  -------------------  ----------------------
/opt/airflow/dags/dag_download.py                           1           0  0.17s           2024-11-14T20:40:10                      10
/opt/airflow/dags/dag_ETL.py                                1           0  0.12s           2024-11-14T20:40:01                      10
================================================================================
[2024-11-14T20:40:38.361+0000] {manager.py:821} INFO - Searching for files in /opt/airflow/dags
[2024-11-14T20:40:38.432+0000] {manager.py:824} INFO - There are 2 files in /opt/airflow/dags
[2024-11-14T20:40:51.592+0000] {manager.py:997} INFO - 
================================================================================
DAG File Processing Stats

File Path                          PID    Runtime      # DAGs    # Errors  Last Runtime    Last Run               Last # of DB Queries
---------------------------------  -----  ---------  --------  ----------  --------------  -------------------  ----------------------
/opt/airflow/dags/dag_download.py                           1           0  0.15s           2024-11-14T20:40:40                      10
/opt/airflow/dags/dag_ETL.py                                1           0  0.13s           2024-11-14T20:40:32                      10
================================================================================
[2024-11-14T20:41:22.242+0000] {manager.py:997} INFO - 
================================================================================
DAG File Processing Stats

File Path                          PID    Runtime      # DAGs    # Errors  Last Runtime    Last Run               Last # of DB Queries
---------------------------------  -----  ---------  --------  ----------  --------------  -------------------  ----------------------
/opt/airflow/dags/dag_download.py                           1           0  8.17s           2024-11-14T20:41:20                      10
/opt/airflow/dags/dag_ETL.py                                1           0  0.14s           2024-11-14T20:41:02                      10
================================================================================
[2024-11-14T20:41:52.941+0000] {manager.py:997} INFO - 
================================================================================
DAG File Processing Stats

File Path                          PID    Runtime      # DAGs    # Errors  Last Runtime    Last Run               Last # of DB Queries
---------------------------------  -----  ---------  --------  ----------  --------------  -------------------  ----------------------
/opt/airflow/dags/dag_ETL.py                                1           0  0.32s           2024-11-14T20:41:33                      10
/opt/airflow/dags/dag_download.py                           1           0  0.17s           2024-11-14T20:41:51                      10
================================================================================
[2024-11-14T20:41:57.541+0000] {manager.py:465} INFO - Exiting gracefully upon receiving signal 15
[2024-11-14T20:47:14.284+0000] {manager.py:483} INFO - Processing files using up to 2 processes at a time 
[2024-11-14T20:47:14.287+0000] {manager.py:484} INFO - Process each file at most once every 30 seconds
[2024-11-14T20:47:14.299+0000] {manager.py:485} INFO - Checking for new files in /opt/airflow/dags every 300 seconds
[2024-11-14T20:47:14.300+0000] {manager.py:821} INFO - Searching for files in /opt/airflow/dags
[2024-11-14T20:47:14.425+0000] {manager.py:824} INFO - There are 2 files in /opt/airflow/dags
[2024-11-14T20:47:14.695+0000] {manager.py:997} INFO - 
================================================================================
DAG File Processing Stats

File Path                            PID  Runtime      # DAGs    # Errors  Last Runtime    Last Run      Last # of DB Queries
---------------------------------  -----  ---------  --------  ----------  --------------  ----------  ----------------------
/opt/airflow/dags/dag_download.py     60  0.04s             0           0                                                   0
/opt/airflow/dags/dag_ETL.py          61  0.02s             0           0                                                   0
================================================================================
[2024-11-14T20:47:44.929+0000] {manager.py:997} INFO - 
================================================================================
DAG File Processing Stats

File Path                          PID    Runtime      # DAGs    # Errors  Last Runtime    Last Run               Last # of DB Queries
---------------------------------  -----  ---------  --------  ----------  --------------  -------------------  ----------------------
/opt/airflow/dags/dag_download.py                           1           0  0.71s           2024-11-14T20:47:15                      43
/opt/airflow/dags/dag_ETL.py                                1           0  0.68s           2024-11-14T20:47:15                      43
================================================================================
[2024-11-14T20:48:15.088+0000] {manager.py:997} INFO - 
================================================================================
DAG File Processing Stats

File Path                          PID    Runtime      # DAGs    # Errors  Last Runtime    Last Run               Last # of DB Queries
---------------------------------  -----  ---------  --------  ----------  --------------  -------------------  ----------------------
/opt/airflow/dags/dag_download.py                           1           0  0.20s           2024-11-14T20:47:45                      10
/opt/airflow/dags/dag_ETL.py                                1           0  0.17s           2024-11-14T20:47:45                      10
================================================================================
[2024-11-14T20:48:45.365+0000] {manager.py:997} INFO - 
================================================================================
DAG File Processing Stats

File Path                          PID    Runtime      # DAGs    # Errors  Last Runtime    Last Run               Last # of DB Queries
---------------------------------  -----  ---------  --------  ----------  --------------  -------------------  ----------------------
/opt/airflow/dags/dag_download.py                           1           0  0.13s           2024-11-14T20:48:16                      10
/opt/airflow/dags/dag_ETL.py                                1           0  0.11s           2024-11-14T20:48:16                      10
================================================================================
[2024-11-14T20:49:15.827+0000] {manager.py:997} INFO - 
================================================================================
DAG File Processing Stats

File Path                          PID    Runtime      # DAGs    # Errors  Last Runtime    Last Run               Last # of DB Queries
---------------------------------  -----  ---------  --------  ----------  --------------  -------------------  ----------------------
/opt/airflow/dags/dag_download.py                           1           0  0.19s           2024-11-14T20:48:46                      10
/opt/airflow/dags/dag_ETL.py                                1           0  0.17s           2024-11-14T20:48:46                      10
================================================================================
[2024-11-14T20:49:46.112+0000] {manager.py:997} INFO - 
================================================================================
DAG File Processing Stats

File Path                          PID    Runtime      # DAGs    # Errors  Last Runtime    Last Run               Last # of DB Queries
---------------------------------  -----  ---------  --------  ----------  --------------  -------------------  ----------------------
/opt/airflow/dags/dag_download.py                           1           0  0.28s           2024-11-14T20:49:17                      10
/opt/airflow/dags/dag_ETL.py                                1           0  0.26s           2024-11-14T20:49:17                      10
================================================================================
[2024-11-14T20:50:16.688+0000] {manager.py:997} INFO - 
================================================================================
DAG File Processing Stats

File Path                          PID    Runtime      # DAGs    # Errors  Last Runtime    Last Run               Last # of DB Queries
---------------------------------  -----  ---------  --------  ----------  --------------  -------------------  ----------------------
/opt/airflow/dags/dag_download.py                           1           0  0.11s           2024-11-14T20:49:47                      10
/opt/airflow/dags/dag_ETL.py                                1           0  0.09s           2024-11-14T20:49:47                      10
================================================================================
[2024-11-14T20:50:46.974+0000] {manager.py:997} INFO - 
================================================================================
DAG File Processing Stats

File Path                          PID    Runtime      # DAGs    # Errors  Last Runtime    Last Run               Last # of DB Queries
---------------------------------  -----  ---------  --------  ----------  --------------  -------------------  ----------------------
/opt/airflow/dags/dag_download.py                           1           0  0.13s           2024-11-14T20:50:17                      10
/opt/airflow/dags/dag_ETL.py                                1           0  0.11s           2024-11-14T20:50:17                      10
================================================================================
[2024-11-14T20:51:17.256+0000] {manager.py:997} INFO - 
================================================================================
DAG File Processing Stats

File Path                          PID    Runtime      # DAGs    # Errors  Last Runtime    Last Run               Last # of DB Queries
---------------------------------  -----  ---------  --------  ----------  --------------  -------------------  ----------------------
/opt/airflow/dags/dag_download.py                           1           0  0.11s           2024-11-14T20:50:48                      10
/opt/airflow/dags/dag_ETL.py                                1           0  0.11s           2024-11-14T20:50:48                      10
================================================================================
[2024-11-14T20:51:47.531+0000] {manager.py:997} INFO - 
================================================================================
DAG File Processing Stats

File Path                          PID    Runtime      # DAGs    # Errors  Last Runtime    Last Run               Last # of DB Queries
---------------------------------  -----  ---------  --------  ----------  --------------  -------------------  ----------------------
/opt/airflow/dags/dag_download.py                           1           0  0.12s           2024-11-14T20:51:18                      10
/opt/airflow/dags/dag_ETL.py                                1           0  0.10s           2024-11-14T20:51:18                      10
================================================================================
[2024-11-14T20:52:14.868+0000] {manager.py:821} INFO - Searching for files in /opt/airflow/dags
[2024-11-14T20:52:14.902+0000] {manager.py:824} INFO - There are 2 files in /opt/airflow/dags
[2024-11-14T20:52:17.937+0000] {manager.py:997} INFO - 
================================================================================
DAG File Processing Stats

File Path                          PID    Runtime      # DAGs    # Errors  Last Runtime    Last Run               Last # of DB Queries
---------------------------------  -----  ---------  --------  ----------  --------------  -------------------  ----------------------
/opt/airflow/dags/dag_download.py                           1           0  0.15s           2024-11-14T20:51:48                      10
/opt/airflow/dags/dag_ETL.py                                1           0  0.12s           2024-11-14T20:51:48                      10
================================================================================
[2024-11-14T20:52:48.327+0000] {manager.py:997} INFO - 
================================================================================
DAG File Processing Stats

File Path                          PID    Runtime      # DAGs    # Errors  Last Runtime    Last Run               Last # of DB Queries
---------------------------------  -----  ---------  --------  ----------  --------------  -------------------  ----------------------
/opt/airflow/dags/dag_download.py                           1           0  0.17s           2024-11-14T20:52:19                      10
/opt/airflow/dags/dag_ETL.py                                1           0  0.15s           2024-11-14T20:52:19                      10
================================================================================
[2024-11-14T20:53:18.748+0000] {manager.py:997} INFO - 
================================================================================
DAG File Processing Stats

File Path                          PID    Runtime      # DAGs    # Errors  Last Runtime    Last Run               Last # of DB Queries
---------------------------------  -----  ---------  --------  ----------  --------------  -------------------  ----------------------
/opt/airflow/dags/dag_download.py                           1           0  0.27s           2024-11-14T20:52:49                      10
/opt/airflow/dags/dag_ETL.py                                1           0  0.13s           2024-11-14T20:52:49                      10
================================================================================
[2024-11-14T20:53:49.080+0000] {manager.py:997} INFO - 
================================================================================
DAG File Processing Stats

File Path                          PID    Runtime      # DAGs    # Errors  Last Runtime    Last Run               Last # of DB Queries
---------------------------------  -----  ---------  --------  ----------  --------------  -------------------  ----------------------
/opt/airflow/dags/dag_download.py                           1           0  0.13s           2024-11-14T20:53:19                      10
/opt/airflow/dags/dag_ETL.py                                1           0  0.10s           2024-11-14T20:53:19                      10
================================================================================
[2024-11-14T20:54:19.380+0000] {manager.py:997} INFO - 
================================================================================
DAG File Processing Stats

File Path                          PID    Runtime      # DAGs    # Errors  Last Runtime    Last Run               Last # of DB Queries
---------------------------------  -----  ---------  --------  ----------  --------------  -------------------  ----------------------
/opt/airflow/dags/dag_download.py                           1           0  0.14s           2024-11-14T20:53:50                      10
/opt/airflow/dags/dag_ETL.py                                1           0  0.12s           2024-11-14T20:53:50                      10
================================================================================
[2024-11-14T20:54:49.852+0000] {manager.py:997} INFO - 
================================================================================
DAG File Processing Stats

File Path                          PID    Runtime      # DAGs    # Errors  Last Runtime    Last Run               Last # of DB Queries
---------------------------------  -----  ---------  --------  ----------  --------------  -------------------  ----------------------
/opt/airflow/dags/dag_download.py                           1           0  0.25s           2024-11-14T20:54:20                      10
/opt/airflow/dags/dag_ETL.py                                1           0  0.20s           2024-11-14T20:54:20                      10
================================================================================
[2024-11-14T20:55:20.297+0000] {manager.py:997} INFO - 
================================================================================
DAG File Processing Stats

File Path                          PID    Runtime      # DAGs    # Errors  Last Runtime    Last Run               Last # of DB Queries
---------------------------------  -----  ---------  --------  ----------  --------------  -------------------  ----------------------
/opt/airflow/dags/dag_download.py                           1           0  0.23s           2024-11-14T20:54:51                      10
/opt/airflow/dags/dag_ETL.py                                1           0  0.17s           2024-11-14T20:54:51                      10
================================================================================
[2024-11-14T20:55:50.663+0000] {manager.py:997} INFO - 
================================================================================
DAG File Processing Stats

File Path                          PID    Runtime      # DAGs    # Errors  Last Runtime    Last Run               Last # of DB Queries
---------------------------------  -----  ---------  --------  ----------  --------------  -------------------  ----------------------
/opt/airflow/dags/dag_download.py                           1           0  0.14s           2024-11-14T20:55:21                      10
/opt/airflow/dags/dag_ETL.py                                1           0  0.11s           2024-11-14T20:55:21                      10
================================================================================
[2024-11-14T20:56:21.315+0000] {manager.py:997} INFO - 
================================================================================
DAG File Processing Stats

File Path                          PID    Runtime      # DAGs    # Errors  Last Runtime    Last Run               Last # of DB Queries
---------------------------------  -----  ---------  --------  ----------  --------------  -------------------  ----------------------
/opt/airflow/dags/dag_download.py                           1           0  0.28s           2024-11-14T20:55:52                      10
/opt/airflow/dags/dag_ETL.py                                1           0  0.19s           2024-11-14T20:55:52                      10
================================================================================
[2024-11-14T20:56:51.706+0000] {manager.py:997} INFO - 
================================================================================
DAG File Processing Stats

File Path                          PID    Runtime      # DAGs    # Errors  Last Runtime    Last Run               Last # of DB Queries
---------------------------------  -----  ---------  --------  ----------  --------------  -------------------  ----------------------
/opt/airflow/dags/dag_download.py                           1           0  0.15s           2024-11-14T20:56:22                      10
/opt/airflow/dags/dag_ETL.py                                1           0  0.13s           2024-11-14T20:56:22                      10
================================================================================
[2024-11-14T20:57:15.070+0000] {manager.py:821} INFO - Searching for files in /opt/airflow/dags
[2024-11-14T20:57:15.111+0000] {manager.py:824} INFO - There are 2 files in /opt/airflow/dags
[2024-11-14T20:57:22.180+0000] {manager.py:997} INFO - 
================================================================================
DAG File Processing Stats

File Path                          PID    Runtime      # DAGs    # Errors  Last Runtime    Last Run               Last # of DB Queries
---------------------------------  -----  ---------  --------  ----------  --------------  -------------------  ----------------------
/opt/airflow/dags/dag_download.py                           1           0  0.18s           2024-11-14T20:56:52                      10
/opt/airflow/dags/dag_ETL.py                                1           0  0.15s           2024-11-14T20:56:52                      10
================================================================================
[2024-11-14T20:57:52.543+0000] {manager.py:997} INFO - 
================================================================================
DAG File Processing Stats

File Path                          PID    Runtime      # DAGs    # Errors  Last Runtime    Last Run               Last # of DB Queries
---------------------------------  -----  ---------  --------  ----------  --------------  -------------------  ----------------------
/opt/airflow/dags/dag_download.py                           1           0  0.13s           2024-11-14T20:57:23                      10
/opt/airflow/dags/dag_ETL.py                                1           0  0.11s           2024-11-14T20:57:23                      10
================================================================================
[2024-11-14T20:58:22.854+0000] {manager.py:997} INFO - 
================================================================================
DAG File Processing Stats

File Path                          PID    Runtime      # DAGs    # Errors  Last Runtime    Last Run               Last # of DB Queries
---------------------------------  -----  ---------  --------  ----------  --------------  -------------------  ----------------------
/opt/airflow/dags/dag_download.py                           1           0  0.19s           2024-11-14T20:57:53                      10
/opt/airflow/dags/dag_ETL.py                                1           0  0.16s           2024-11-14T20:57:53                      10
================================================================================
[2024-11-14T20:58:53.170+0000] {manager.py:997} INFO - 
================================================================================
DAG File Processing Stats

File Path                          PID    Runtime      # DAGs    # Errors  Last Runtime    Last Run               Last # of DB Queries
---------------------------------  -----  ---------  --------  ----------  --------------  -------------------  ----------------------
/opt/airflow/dags/dag_download.py                           1           0  0.13s           2024-11-14T20:58:24                      10
/opt/airflow/dags/dag_ETL.py                                1           0  0.11s           2024-11-14T20:58:23                      10
================================================================================
[2024-11-14T20:59:23.591+0000] {manager.py:997} INFO - 
================================================================================
DAG File Processing Stats

File Path                          PID    Runtime      # DAGs    # Errors  Last Runtime    Last Run               Last # of DB Queries
---------------------------------  -----  ---------  --------  ----------  --------------  -------------------  ----------------------
/opt/airflow/dags/dag_download.py                           1           0  0.16s           2024-11-14T20:58:54                      10
/opt/airflow/dags/dag_ETL.py                                1           0  0.12s           2024-11-14T20:58:54                      10
================================================================================
[2024-11-14T20:59:53.944+0000] {manager.py:997} INFO - 
================================================================================
DAG File Processing Stats

File Path                          PID    Runtime      # DAGs    # Errors  Last Runtime    Last Run               Last # of DB Queries
---------------------------------  -----  ---------  --------  ----------  --------------  -------------------  ----------------------
/opt/airflow/dags/dag_download.py                           1           0  0.14s           2024-11-14T20:59:24                      10
/opt/airflow/dags/dag_ETL.py                                1           0  0.11s           2024-11-14T20:59:24                      10
================================================================================
[2024-11-14T21:00:24.391+0000] {manager.py:997} INFO - 
================================================================================
DAG File Processing Stats

File Path                          PID    Runtime      # DAGs    # Errors  Last Runtime    Last Run               Last # of DB Queries
---------------------------------  -----  ---------  --------  ----------  --------------  -------------------  ----------------------
/opt/airflow/dags/dag_download.py                           1           0  0.22s           2024-11-14T20:59:55                      10
/opt/airflow/dags/dag_ETL.py                                1           0  0.18s           2024-11-14T20:59:55                      10
================================================================================
[2024-11-14T21:00:54.894+0000] {manager.py:997} INFO - 
================================================================================
DAG File Processing Stats

File Path                          PID    Runtime      # DAGs    # Errors  Last Runtime    Last Run               Last # of DB Queries
---------------------------------  -----  ---------  --------  ----------  --------------  -------------------  ----------------------
/opt/airflow/dags/dag_download.py                           1           0  0.26s           2024-11-14T21:00:25                      10
/opt/airflow/dags/dag_ETL.py                                1           0  0.22s           2024-11-14T21:00:25                      10
================================================================================
[2024-11-14T21:01:25.224+0000] {manager.py:997} INFO - 
================================================================================
DAG File Processing Stats

File Path                          PID    Runtime      # DAGs    # Errors  Last Runtime    Last Run               Last # of DB Queries
---------------------------------  -----  ---------  --------  ----------  --------------  -------------------  ----------------------
/opt/airflow/dags/dag_download.py                           1           0  0.23s           2024-11-14T21:00:56                      10
/opt/airflow/dags/dag_ETL.py                                1           0  0.19s           2024-11-14T21:00:56                      10
================================================================================
[2024-11-14T21:01:55.581+0000] {manager.py:997} INFO - 
================================================================================
DAG File Processing Stats

File Path                          PID    Runtime      # DAGs    # Errors  Last Runtime    Last Run               Last # of DB Queries
---------------------------------  -----  ---------  --------  ----------  --------------  -------------------  ----------------------
/opt/airflow/dags/dag_download.py                           1           0  0.16s           2024-11-14T21:01:26                      10
/opt/airflow/dags/dag_ETL.py                                1           0  0.15s           2024-11-14T21:01:26                      10
================================================================================
[2024-11-14T21:02:09.094+0000] {manager.py:465} INFO - Exiting gracefully upon receiving signal 15
[2024-11-15T15:28:54.357+0000] {manager.py:483} INFO - Processing files using up to 2 processes at a time 
[2024-11-15T15:28:54.360+0000] {manager.py:484} INFO - Process each file at most once every 30 seconds
[2024-11-15T15:28:54.361+0000] {manager.py:485} INFO - Checking for new files in /opt/airflow/dags every 300 seconds
[2024-11-15T15:28:54.362+0000] {manager.py:821} INFO - Searching for files in /opt/airflow/dags
[2024-11-15T15:28:54.468+0000] {manager.py:824} INFO - There are 2 files in /opt/airflow/dags
[2024-11-15T15:28:54.674+0000] {manager.py:997} INFO - 
================================================================================
DAG File Processing Stats

File Path                            PID  Runtime      # DAGs    # Errors  Last Runtime    Last Run      Last # of DB Queries
---------------------------------  -----  ---------  --------  ----------  --------------  ----------  ----------------------
/opt/airflow/dags/dag_download.py     67  0.05s             0           0                                                   0
/opt/airflow/dags/dag_ETL.py          68  0.04s             0           0                                                   0
================================================================================
[2024-11-15T15:29:15.380+0000] {manager.py:465} INFO - Exiting gracefully upon receiving signal 15
